✓ Initialized. View run at 
https://modal.com/apps/autogkb/main/ap-fPSe45eCq9KYCuLmhSKn1W
✓ Created objects.
├── 🔨 Created mount /home/ec2-user/bmds273b-project/src/modal_evo2.py
├── 🔨 Created mount /home/ec2-user/bmds273b-project/src
└── 🔨 Created function extract_evo2.
+ /usr/local/bin/python /root/src/extract_embeddings_evo2.py --windows /vol/regulatory/windows.tsv --out_dir /vol/regulatory/embeddings/evo2 --device cuda:0
4024 windows; Evo 2 blocks [3, 7, 11, 15, 19, 23, 27, 31]
Loading evo2_7b via evo2 package ...
[05/30/26 10:49:26] INFO     httpx - INFO - HTTP Request: GET    _client.py:1025
                             https://huggingface.co/api/models/a                
                             rcinstitute/evo2_7b/revision/main                  
                             "HTTP/1.1 200 OK"                                  

                    INFO     httpx - INFO - HTTP Request: HEAD   _client.py:1025
                             https://huggingface.co/arcinstitute                
                             /evo2_7b/resolve/bda0089f92582d5baa                
                             bf0f22d9fc85f3588f6b58/.gitattribut                
                             es "HTTP/1.1 307 Temporary                         
                             Redirect"                                          
[1AFetching 4 files:   0%|          | 0/4 [00:00<?, ?it/s]Warning: You are sending unauthenticated requests to the HF Hub. Please set a HF_TOKEN to enable higher rate limits and faster downloads.
                    WARNING  huggingface_hub.utils._http - WARNING  _http.py:904
                             - Warning: You are sending                         
                             unauthenticated requests to the HF                 
                             Hub. Please set a HF_TOKEN to enable               
                             higher rate limits and faster                      
                             downloads.                                         
                    INFO     httpx - INFO - HTTP Request: HEAD   _client.py:1025
                             https://huggingface.co/arcinstitute                
                             /evo2_7b/resolve/bda0089f92582d5baa                
                             bf0f22d9fc85f3588f6b58/README.md                   
                             "HTTP/1.1 307 Temporary Redirect"                  
                    INFO     httpx - INFO - HTTP Request: HEAD   _client.py:1025
                             https://huggingface.co/arcinstitute                
                             /evo2_7b/resolve/bda0089f92582d5baa                
                             bf0f22d9fc85f3588f6b58/config.json                 
                             "HTTP/1.1 307 Temporary Redirect"                  
[05/30/26 10:49:27] INFO     httpx - INFO - HTTP Request: HEAD   _client.py:1025
                             https://huggingface.co/api/resolve-                
                             cache/models/arcinstitute/evo2_7b/b                
                             da0089f92582d5baabf0f22d9fc85f3588f                
                             6b58/config.json "HTTP/1.1 200 OK"                 
                    INFO     httpx - INFO - HTTP Request: HEAD   _client.py:1025
                             https://huggingface.co/arcinstitute                
                             /evo2_7b/resolve/bda0089f92582d5baa                
                             bf0f22d9fc85f3588f6b58/evo2_7b.pt                  
                             "HTTP/1.1 302 Found"                               
                    INFO     httpx - INFO - HTTP Request: HEAD   _client.py:1025
                             https://huggingface.co/api/resolve-                
                             cache/models/arcinstitute/evo2_7b/b                
                             da0089f92582d5baabf0f22d9fc85f3588f                
                             6b58/.gitattributes "HTTP/1.1 200                  
                             OK"                                                
                    INFO     httpx - INFO - HTTP Request: HEAD   _client.py:1025
                             https://huggingface.co/api/resolve-                
                             cache/models/arcinstitute/evo2_7b/b                
                             da0089f92582d5baabf0f22d9fc85f3588f                
                             6b58/README.md "HTTP/1.1 200 OK"                   
                    INFO     httpx - INFO - HTTP Request: GET    _client.py:1025
                             https://huggingface.co/api/resolve-                
                             cache/models/arcinstitute/evo2_7b/b                
                             da0089f92582d5baabf0f22d9fc85f3588f                
                             6b58/config.json "HTTP/1.1 200 OK"                 
                    INFO     httpx - INFO - HTTP Request: GET    _client.py:1025
                             https://huggingface.co/api/models/a                
                             rcinstitute/evo2_7b/xet-read-token/                
                             bda0089f92582d5baabf0f22d9fc85f3588                
                             f6b58 "HTTP/1.1 200 OK"                            
                    INFO     httpx - INFO - HTTP Request: GET    _client.py:1025
                             https://huggingface.co/api/resolve-                
                             cache/models/arcinstitute/evo2_7b/b                
                             da0089f92582d5baabf0f22d9fc85f3588f                
                             6b58/.gitattributes "HTTP/1.1 200                  
                             OK"                                                

                    INFO     httpx - INFO - HTTP Request: GET    _client.py:1025
                             https://huggingface.co/api/resolve-                
                             cache/models/arcinstitute/evo2_7b/b                
                             da0089f92582d5baabf0f22d9fc85f3588f                
                             6b58/README.md "HTTP/1.1 200 OK"                   
[1AFetching 4 files:  25%|██▌       | 1/4 [00:00<00:00,  4.58it/s]
[1AFetching 4 files: 100%|██████████| 4/4 [00:42<00:00, 11.57s/it]
[1AFetching 4 files: 100%|██████████| 4/4 [00:42<00:00, 10.72s/it]
/usr/local/lib/python3.12/site-packages/evo2/models.py:282: UserWarning: Transformer Engine not installed. Falling back to bf16 projections (use_fp8_input_projections=False). 
  warnings.warn(
Found complete file in repo: evo2_7b.pt
[05/30/26 10:50:09] INFO     StripedHyena - INFO - Initializing     model.py:627
                             StripedHyena with config:                          
                             {'model_name': 'shc-evo2-7b-8k-2T-v2',             
                             'vocab_size': 512, 'hidden_size':                  
                             4096, 'num_filters': 4096,                         
                             'hcl_layer_idxs': [2, 6, 9, 13, 16,                
                             20, 23, 27, 30], 'hcm_layer_idxs': [1,             
                             5, 8, 12, 15, 19, 22, 26, 29],                     
                             'hcs_layer_idxs': [0, 4, 7, 11, 14,                
                             18, 21, 25, 28], 'attn_layer_idxs':                
                             [3, 10, 17, 24, 31],                               
                             'hcm_filter_length': 128,                          
                             'hcl_filter_groups': 4096,                         
                             'hcm_filter_groups': 256,                          
                             'hcs_filter_groups': 256,                          
                             'hcs_filter_length': 7, 'num_layers':              
                             32, 'short_filter_length': 3,                      
                             'num_attention_heads': 32,                         
                             'short_filter_bias': False,                        
                             'mlp_init_method':                                 
                             'torch.nn.init.zeros_',                            
                             'mlp_output_init_method':                          
                             'torch.nn.init.zeros_', 'eps': 1e-06,              
                             'state_size': 16, 'rotary_emb_base':               
                             10000, 'rotary_emb_scaling_factor':                
                             128,                                               
                             'use_interpolated_rotary_pos_emb':                 
                             True, 'make_vocab_size_divisible_by':              
                             8, 'inner_size_multiple_of': 16,                   
                             'inner_mlp_size': 11264,                           
                             'log_intermediate_values': False,                  
                             'proj_groups': 1,                                  
                             'hyena_filter_groups': 1,                          
                             'column_split_hyena': False,                       
                             'column_split': True, 'interleave':                
                             True, 'evo2_style_activations': True,              
                             'model_parallel_size': 1,                          
                             'pipe_parallel_size': 1,                           
                             'tie_embeddings': True,                            
                             'mha_out_proj_bias': True,                         
                             'hyena_out_proj_bias': True,                       
                             'hyena_flip_x1x2': False,                          
                             'qkv_proj_bias': False,                            
                             'use_fp8_input_projections': False,                
                             'max_seqlen': 1048576,                             
                             'max_batch_size': 1, 'final_norm':                 
                             True, 'use_flash_attn': True,                      
                             'use_flash_rmsnorm': False,                        
                             'use_flash_depthwise': False,                      
                             'use_flashfft': False,                             
                             'use_laughing_hyena': False,                       
                             'inference_mode': True,                            
                             'tokenizer_type':                                  
                             'CharLevelTokenizer', 'prefill_style':             
                             'fft', 'mlp_activation': 'gelu',                   
                             'print_activations': False, 'Loader':              
                             <class 'yaml.loader.FullLoader'>}                  
[05/30/26 10:50:10] INFO     StripedHyena - INFO - Initializing 32  model.py:646
                             blocks...                                          
                    INFO     StripedHyena - INFO - Distributing     model.py:653
                             across 1 GPUs, approximately 32 layers             
                             per GPU                                            

                    INFO     StripedHyena - INFO - Assigned         model.py:671
                             layer_idx=0 to device='cuda:0'                     
                    INFO     StripedHyena - INFO - Parameter count  model.py:672
                             for block 0: 205571840                             
                    INFO     StripedHyena - INFO - Assigned         model.py:671
                             layer_idx=1 to device='cuda:0'                     
                    INFO     StripedHyena - INFO - Parameter count  model.py:672
                             for block 1: 205606912                             
                    INFO     StripedHyena - INFO - Assigned         model.py:671
                             layer_idx=2 to device='cuda:0'                     
                    INFO     StripedHyena - INFO - Parameter count  model.py:672
                             for block 2: 205705216                             
                    INFO     StripedHyena - INFO - Assigned         model.py:671
                             layer_idx=3 to device='cuda:0'                     
                    INFO     StripedHyena - INFO - Parameter count  model.py:672
                             for block 3: 205533184                             
[1A  0%|          | 0/32 [00:00<?, ?it/s]
                    INFO     StripedHyena - INFO - Assigned         model.py:671
                             layer_idx=4 to device='cuda:0'                     
                    INFO     StripedHyena - INFO - Parameter count  model.py:672
                             for block 4: 205571840                             
                    INFO     StripedHyena - INFO - Assigned         model.py:671
                             layer_idx=5 to device='cuda:0'                     
                    INFO     StripedHyena - INFO - Parameter count  model.py:672
                             for block 5: 205606912                             
                    INFO     StripedHyena - INFO - Assigned         model.py:671
                             layer_idx=6 to device='cuda:0'                     
                    INFO     StripedHyena - INFO - Parameter count  model.py:672
                             for block 6: 205705216                             
                    INFO     StripedHyena - INFO - Assigned         model.py:671
                             layer_idx=7 to device='cuda:0'                     
                    INFO     StripedHyena - INFO - Parameter count  model.py:672
                             for block 7: 205571840                             
                    INFO     StripedHyena - INFO - Assigned         model.py:671
                             layer_idx=8 to device='cuda:0'                     
                    INFO     StripedHyena - INFO - Parameter count  model.py:672
                             for block 8: 205606912                             
                    INFO     StripedHyena - INFO - Assigned         model.py:671
                             layer_idx=9 to device='cuda:0'                     
                    INFO     StripedHyena - INFO - Parameter count  model.py:672
                             for block 9: 205705216                             
                    INFO     StripedHyena - INFO - Assigned         model.py:671
                             layer_idx=10 to device='cuda:0'                    
                    INFO     StripedHyena - INFO - Parameter count  model.py:672
                             for block 10: 205533184                            
                    INFO     StripedHyena - INFO - Assigned         model.py:671
                             layer_idx=11 to device='cuda:0'                    
                    INFO     StripedHyena - INFO - Parameter count  model.py:672
                             for block 11: 205571840                            
                    INFO     StripedHyena - INFO - Assigned         model.py:671
                             layer_idx=12 to device='cuda:0'                    
                    INFO     StripedHyena - INFO - Parameter count  model.py:672
                             for block 12: 205606912                            
                    INFO     StripedHyena - INFO - Assigned         model.py:671
                             layer_idx=13 to device='cuda:0'                    
                    INFO     StripedHyena - INFO - Parameter count  model.py:672
                             for block 13: 205705216                            
                    INFO     StripedHyena - INFO - Assigned         model.py:671
                             layer_idx=14 to device='cuda:0'                    
                    INFO     StripedHyena - INFO - Parameter count  model.py:672
                             for block 14: 205571840                            
                    INFO     StripedHyena - INFO - Assigned         model.py:671
                             layer_idx=15 to device='cuda:0'                    
                    INFO     StripedHyena - INFO - Parameter count  model.py:672
                             for block 15: 205606912                            
                    INFO     StripedHyena - INFO - Assigned         model.py:671
                             layer_idx=16 to device='cuda:0'                    
                    INFO     StripedHyena - INFO - Parameter count  model.py:672
                             for block 16: 205705216                            
                    INFO     StripedHyena - INFO - Assigned         model.py:671
                             layer_idx=17 to device='cuda:0'                    
                    INFO     StripedHyena - INFO - Parameter count  model.py:672
                             for block 17: 205533184                            
                    INFO     StripedHyena - INFO - Assigned         model.py:671
                             layer_idx=18 to device='cuda:0'                    
                    INFO     StripedHyena - INFO - Parameter count  model.py:672
                             for block 18: 205571840                            
                    INFO     StripedHyena - INFO - Assigned         model.py:671
                             layer_idx=19 to device='cuda:0'                    
                    INFO     StripedHyena - INFO - Parameter count  model.py:672
                             for block 19: 205606912                            
                    INFO     StripedHyena - INFO - Assigned         model.py:671
                             layer_idx=20 to device='cuda:0'                    
                    INFO     StripedHyena - INFO - Parameter count  model.py:672
                             for block 20: 205705216                            
                    INFO     StripedHyena - INFO - Assigned         model.py:671
                             layer_idx=21 to device='cuda:0'                    
                    INFO     StripedHyena - INFO - Parameter count  model.py:672
                             for block 21: 205571840                            
                    INFO     StripedHyena - INFO - Assigned         model.py:671
                             layer_idx=22 to device='cuda:0'                    
                    INFO     StripedHyena - INFO - Parameter count  model.py:672
                             for block 22: 205606912                            
                    INFO     StripedHyena - INFO - Assigned         model.py:671
                             layer_idx=23 to device='cuda:0'                    
                    INFO     StripedHyena - INFO - Parameter count  model.py:672
                             for block 23: 205705216                            
                    INFO     StripedHyena - INFO - Assigned         model.py:671
                             layer_idx=24 to device='cuda:0'                    
                    INFO     StripedHyena - INFO - Parameter count  model.py:672
                             for block 24: 205533184                            
                    INFO     StripedHyena - INFO - Assigned         model.py:671
                             layer_idx=25 to device='cuda:0'                    
                    INFO     StripedHyena - INFO - Parameter count  model.py:672
                             for block 25: 205571840                            
[1A 12%|█▎        | 4/32 [00:00<00:01, 26.57it/s]
                    INFO     StripedHyena - INFO - Assigned         model.py:671
                             layer_idx=26 to device='cuda:0'                    
                    INFO     StripedHyena - INFO - Parameter count  model.py:672
                             for block 26: 205606912                            
                    INFO     StripedHyena - INFO - Assigned         model.py:671
                             layer_idx=27 to device='cuda:0'                    
                    INFO     StripedHyena - INFO - Parameter count  model.py:672
                             for block 27: 205705216                            
                    INFO     StripedHyena - INFO - Assigned         model.py:671
                             layer_idx=28 to device='cuda:0'                    
                    INFO     StripedHyena - INFO - Parameter count  model.py:672
                             for block 28: 205571840                            
                    INFO     StripedHyena - INFO - Assigned         model.py:671
                             layer_idx=29 to device='cuda:0'                    
                    INFO     StripedHyena - INFO - Parameter count  model.py:672
                             for block 29: 205606912                            
                    INFO     StripedHyena - INFO - Assigned         model.py:671
                             layer_idx=30 to device='cuda:0'                    
                    INFO     StripedHyena - INFO - Parameter count  model.py:672
                             for block 30: 205705216                            
                    INFO     StripedHyena - INFO - Assigned         model.py:671
                             layer_idx=31 to device='cuda:0'                    
                    INFO     StripedHyena - INFO - Parameter count  model.py:672
                             for block 31: 205533184                            
[1A 81%|████████▏ | 26/32 [00:00<00:00, 119.26it/s]
[1A100%|██████████| 32/32 [00:00<00:00, 113.74it/s]
                    INFO     StripedHyena - INFO - Initialized      model.py:691
                             model                                              
                    INFO     vortex.model.utils - INFO - Loading     utils.py:92
                             /root/.cache/huggingface/hub/models--ar            
                             cinstitute--evo2_7b/snapshots/bda0089f9            
                             2582d5baabf0f22d9fc85f3588f6b58/evo2_7b            
                             .pt                                                
Extra keys in state_dict: {'blocks.16.mixer.mixer.filter.t', 'blocks.3.mixer.dense._extra_state', 'blocks.16.projections._extra_state', 'blocks.30.projections._extra_state', 'blocks.7.projections._extra_state', 'blocks.0.projections._extra_state', 'blocks.10.mixer.dense._extra_state', 'blocks.9.mixer.mixer.filter.t', 'blocks.19.projections._extra_state', 'blocks.6.projections._extra_state', 'blocks.23.mixer.mixer.filter.t', 'blocks.21.projections._extra_state', 'blocks.11.projections._extra_state', 'blocks.25.projections._extra_state', 'blocks.27.mixer.mixer.filter.t', 'blocks.10.mixer.attn._extra_state', 'blocks.14.projections._extra_state', 'blocks.22.projections._extra_state', 'blocks.27.projections._extra_state', 'unembed.weight', 'blocks.29.projections._extra_state', 'blocks.31.mixer.dense._extra_state', 'blocks.13.projections._extra_state', 'blocks.1.projections._extra_state', 'blocks.9.projections._extra_state', 'blocks.31.mixer.attn._extra_state', 'blocks.18.projections._extra_state', 'blocks.26.projections._extra_state', 'blocks.4.projections._extra_state', 'blocks.2.mixer.mixer.filter.t', 'blocks.2.projections._extra_state', 'blocks.15.projections._extra_state', 'blocks.17.mixer.attn._extra_state', 'blocks.24.mixer.attn._extra_state', 'blocks.23.projections._extra_state', 'blocks.30.mixer.mixer.filter.t', 'blocks.8.projections._extra_state', 'blocks.12.projections._extra_state', 'blocks.6.mixer.mixer.filter.t', 'blocks.5.projections._extra_state', 'blocks.28.projections._extra_state', 'blocks.20.mixer.mixer.filter.t', 'blocks.17.mixer.dense._extra_state', 'blocks.3.mixer.attn._extra_state', 'blocks.20.projections._extra_state', 'blocks.13.mixer.mixer.filter.t', 'blocks.24.mixer.dense._extra_state'}
[05/30/26 10:50:17] INFO     StripedHyena - INFO - Adjusting Wqkv   model.py:976
                             for column split (permuting rows)                  
  hidden_dim=4096
  1/4024 (0.0%)  101/4024 (2.5%)  201/4024 (5.0%)  301/4024 (7.5%)  401/4024 (10.0%)  501/4024 (12.5%)  601/4024 (14.9%)  701/4024 (17.4%)  801/4024 (19.9%)  901/4024 (22.4%)  1001/4024 (24.9%)  1101/4024 (27.4%)  1201/4024 (29.8%)  1301/4024 (32.3%)  1401/4024 (34.8%)  1501/4024 (37.3%)  1601/4024 (39.8%)  1701/4024 (42.3%)  1801/4024 (44.8%)  1901/4024 (47.2%)  2001/4024 (49.7%)  2101/4024 (52.2%)  2201/4024 (54.7%)  2301/4024 (57.2%)  2401/4024 (59.7%)  2501/4024 (62.2%)  2601/4024 (64.6%)  2701/4024 (67.1%)  2801/4024 (69.6%)  2901/4024 (72.1%)  3001/4024 (74.6%)  3101/4024 (77.1%)  3201/4024 (79.5%)  3301/4024 (82.0%)  3401/4024 (84.5%)  3501/4024 (87.0%)  3601/4024 (89.5%)  3701/4024 (92.0%)  3801/4024 (94.5%)  3901/4024 (96.9%)  4001/4024 (99.4%)  4024/4024 (100.0%)
Done → /vol/regulatory/embeddings/evo2/
evo2 done → /vol/regulatory/embeddings/evo2
Stopping app - local entrypoint completed.
✓ App completed. View run at 
https://modal.com/apps/autogkb/main/ap-fPSe45eCq9KYCuLmhSKn1W
