✓ Initialized. View run at 
https://modal.com/apps/autogkb/main/ap-aZBzGBQXe5TJFsVg13bpRt
✓ Created objects.
├── 🔨 Created mount /home/ec2-user/bmds273b-project/src/modal_app.py
├── 🔨 Created mount /home/ec2-user/bmds273b-project/src
├── 🔨 Created function extract.
├── 🔨 Created function download.
├── 🔨 Created function build.
└── 🔨 Created function extract_dnabert.
stage=smoke models=['dnabert_s'] limit=20 resume=False
+ /usr/local/bin/python /root/src/extract_embeddings.py --model dnabert_s --windows /vol/regulatory/windows_smoke_dnabert_s.tsv --out_dir /vol/regulatory/embeddings/_smoke_dnabert_s --device cuda
A new version of the following files was downloaded from https://huggingface.co/zhihan1996/DNABERT-S:
- configuration_bert.py
. Make sure to double-check they do not contain any added malicious code. To avoid downloading new versions of the code file, you can pin a revision.
A new version of the following files was downloaded from https://huggingface.co/zhihan1996/DNABERT-S:
- flash_attn_triton.py
. Make sure to double-check they do not contain any added malicious code. To avoid downloading new versions of the code file, you can pin a revision.
A new version of the following files was downloaded from https://huggingface.co/zhihan1996/DNABERT-S:
- bert_padding.py
. Make sure to double-check they do not contain any added malicious code. To avoid downloading new versions of the code file, you can pin a revision.
A new version of the following files was downloaded from https://huggingface.co/zhihan1996/DNABERT-S:
- bert_layers.py
- flash_attn_triton.py
- bert_padding.py
. Make sure to double-check they do not contain any added malicious code. To avoid downloading new versions of the code file, you can pin a revision.
/usr/local/lib/python3.10/site-packages/torch/_utils.py:776: UserWarning: TypedStorage is deprecated. It will be removed in the future and UntypedStorage will be the only storage class. This should only matter to you if you are using storages directly.  To access UntypedStorage directly, use tensor.untyped_storage() instead of tensor.storage()
  return self.fget.__get__(instance, owner)()
20 windows from /vol/regulatory/windows_smoke_dnabert_s.tsv
Loading dnabert_s (fp32) ...
  n_layers=12, hidden_dim=768
  actual hidden states=13, hidden_dim=768
Extracting (one seq/pass, max_tok=512) ...
  1/20 (5.0%)  20/20 (100.0%)
Done → /vol/regulatory/embeddings/_smoke_dnabert_s/
  layer_00: (20, 768)
  layer_12: (20, 768)
[dnabert_s] done → /vol/regulatory/embeddings/_smoke_dnabert_s

SUMMARY: 1/1 succeeded: ['dnabert_s']
Stopping app - local entrypoint completed.
✓ App completed. View run at 
https://modal.com/apps/autogkb/main/ap-aZBzGBQXe5TJFsVg13bpRt
