✓ Initialized. View run at 
https://modal.com/apps/autogkb/main/ap-daEjPXpIdxhWIowUK6CspM
✓ Created objects.
├── 🔨 Created mount /home/ec2-user/bmds273b-project/src/modal_app.py
├── 🔨 Created mount /home/ec2-user/bmds273b-project/src
├── 🔨 Created function download.
├── 🔨 Created function build.
└── 🔨 Created function extract.
stage=smoke models=['hyenadna', 'nt', 'dnabert_s'] limit=30
+ /usr/local/bin/python /root/src/extract_embeddings.py --model hyenadna --windows /vol/regulatory/windows_smoke_hyenadna.tsv --out_dir /vol/regulatory/embeddings/_smoke_hyenadna --device cuda
+ /usr/local/bin/python /root/src/extract_embeddings.py --model nt --windows /vol/regulatory/windows_smoke_nt.tsv --out_dir /vol/regulatory/embeddings/_smoke_nt --device cuda
+ /usr/local/bin/python /root/src/extract_embeddings.py --model dnabert_s --windows /vol/regulatory/windows_smoke_dnabert_s.tsv --out_dir /vol/regulatory/embeddings/_smoke_dnabert_s --device cuda
[transformers] A new version of the following files was downloaded from https://huggingface.co/LongSafari/hyenadna-large-1m-seqlen-hf:
- configuration_hyena.py
. Make sure to double-check they do not contain any added malicious code. To avoid downloading new versions of the code file, you can pin a revision.
Warning: You are sending unauthenticated requests to the HF Hub. Please set a HF_TOKEN to enable higher rate limits and faster downloads.
Warning: You are sending unauthenticated requests to the HF Hub. Please set a HF_TOKEN to enable higher rate limits and faster downloads.
[transformers] A new version of the following files was downloaded from https://huggingface.co/LongSafari/hyenadna-large-1m-seqlen-hf:
- tokenization_hyena.py
. Make sure to double-check they do not contain any added malicious code. To avoid downloading new versions of the code file, you can pin a revision.
[transformers] A new version of the following files was downloaded from https://huggingface.co/zhihan1996/DNABERT-S:
- configuration_bert.py
. Make sure to double-check they do not contain any added malicious code. To avoid downloading new versions of the code file, you can pin a revision.
[transformers] A new version of the following files was downloaded from https://huggingface.co/LongSafari/hyenadna-large-1m-seqlen-hf:
- modeling_hyena.py
. Make sure to double-check they do not contain any added malicious code. To avoid downloading new versions of the code file, you can pin a revision.
Warning: You are sending unauthenticated requests to the HF Hub. Please set a HF_TOKEN to enable higher rate limits and faster downloads.
30 windows from /vol/regulatory/windows_smoke_nt.tsv
Loading nt (fp16) ...

[1AFetching 2 files:   0%|          | 0/2 [00:00<?, ?it/s][transformers] A new version of the following files was downloaded from https://huggingface.co/zhihan1996/DNABERT-S:
- flash_attn_triton.py
. Make sure to double-check they do not contain any added malicious code. To avoid downloading new versions of the code file, you can pin a revision.
[transformers] A new version of the following files was downloaded from https://huggingface.co/zhihan1996/DNABERT-S:
- bert_padding.py
. Make sure to double-check they do not contain any added malicious code. To avoid downloading new versions of the code file, you can pin a revision.
[transformers] A new version of the following files was downloaded from https://huggingface.co/zhihan1996/DNABERT-S:
- bert_layers.py
- flash_attn_triton.py
- bert_padding.py
. Make sure to double-check they do not contain any added malicious code. To avoid downloading new versions of the code file, you can pin a revision.
30 windows from /vol/regulatory/windows_smoke_hyenadna.tsv
Loading hyenadna (fp32) ...

[1ALoading weights:   0%|          | 0/211 [00:00<?, ?it/s]
[1ALoading weights: 100%|██████████| 211/211 [00:00<00:00, 7159.37it/s]
[transformers] [1mHyenaDNAModel LOAD REPORT[0m from: LongSafari/hyenadna-large-1m-seqlen-hf
Key            | Status     |  | 
---------------+------------+--+-
lm_head.weight | UNEXPECTED |  | 

Notes:
- UNEXPECTED:   can be ignored when loading from different task/architecture; not ok if you expect identical arch.
[transformers] `use_return_dict` is deprecated! Use `return_dict` instead!
  n_layers=8, hidden_dim=256
  actual hidden states=10, hidden_dim=256
Extracting (one seq/pass, max_tok=1000000) ...
  1/30 (3.3%)  30/30 (100.0%)
Done → /vol/regulatory/embeddings/_smoke_hyenadna/
  layer_00: (30, 256)
  layer_09: (30, 256)
Traceback (most recent call last):
30 windows from /vol/regulatory/windows_smoke_dnabert_s.tsv
Loading dnabert_s (fp32) ...
  File "/root/src/extract_embeddings.py", line 204, in <module>
    main()
  File "/root/src/extract_embeddings.py", line 161, in main
    tok, model, n_layers, hidden_dim = load_model(args.model, args.device)
                                       ^^^^^^^^^^^^^^^^^^^^^^^^^^^^^^^^^^^
  File "/root/src/extract_embeddings.py", line 86, in load_model
    model = _LOADERS[cfg["loader"]].from_pretrained(
            ^^^^^^^^^^^^^^^^^^^^^^^^^^^^^^^^^^^^^^^^
  File "/usr/local/lib/python3.12/site-packages/transformers/models/auto/auto_factory.py", line 390, in from_pretrained
    return model_class.from_pretrained(
           ^^^^^^^^^^^^^^^^^^^^^^^^^^^^
  File "/usr/local/lib/python3.12/site-packages/transformers/modeling_utils.py", line 4252, in from_pretrained
    model = cls(config, *model_args, **model_kwargs)
            ^^^^^^^^^^^^^^^^^^^^^^^^^^^^^^^^^^^^^^^^
  File "/root/.cache/huggingface/modules/transformers_modules/zhihan1996/DNABERT_hyphen_S/00e47f96cdea35e4b6f5df89e5419cbe47d490c6/bert_layers.py", line 572, in __init__
    self.encoder = BertEncoder(config)
                   ^^^^^^^^^^^^^^^^^^^
  File "/root/.cache/huggingface/modules/transformers_modules/zhihan1996/DNABERT_hyphen_S/00e47f96cdea35e4b6f5df89e5419cbe47d490c6/bert_layers.py", line 360, in __init__
    self.rebuild_alibi_tensor(size=config.alibi_starting_size)
  File "/root/.cache/huggingface/modules/transformers_modules/zhihan1996/DNABERT_hyphen_S/00e47f96cdea35e4b6f5df89e5419cbe47d490c6/bert_layers.py", line 399, in rebuild_alibi_tensor
    alibi = slopes.unsqueeze(1).unsqueeze(1) * -relative_position
            ~~~~~~~~~~~~~~~~~~~~~~~~~~~~~~~~~^~~~~~~~~~~~~~~~~~~~
  File "/usr/local/lib/python3.12/site-packages/torch/utils/_device.py", line 104, in __torch_function__
    return func(*args, **kwargs)
           ^^^^^^^^^^^^^^^^^^^^^
  File "/usr/local/lib/python3.12/site-packages/torch/_prims_common/wrappers.py", line 308, in _fn
    result = fn(*args, **kwargs)
             ^^^^^^^^^^^^^^^^^^^
  File "/usr/local/lib/python3.12/site-packages/torch/_compile.py", line 51, in inner
    return disable_fn(*args, **kwargs)
           ^^^^^^^^^^^^^^^^^^^^^^^^^^^
  File "/usr/local/lib/python3.12/site-packages/torch/_dynamo/eval_frame.py", line 838, in _fn
    return fn(*args, **kwargs)
           ^^^^^^^^^^^^^^^^^^^
  File "/usr/local/lib/python3.12/site-packages/torch/_prims_common/wrappers.py", line 149, in _fn
    result = fn(**bound.arguments)
             ^^^^^^^^^^^^^^^^^^^^^
  File "/usr/local/lib/python3.12/site-packages/torch/_refs/__init__.py", line 1086, in _ref
    output = prim(a, b)
             ^^^^^^^^^^
  File "/usr/local/lib/python3.12/site-packages/torch/_refs/__init__.py", line 1693, in mul
    return prims.mul(a, b)
           ^^^^^^^^^^^^^^^
  File "/usr/local/lib/python3.12/site-packages/torch/_ops.py", line 756, in __call__
    return self._op(*args, **kwargs)
           ^^^^^^^^^^^^^^^^^^^^^^^^^
  File "/usr/local/lib/python3.12/site-packages/torch/_library/fake_impl.py", line 95, in meta_kernel
    return fake_impl_holder.kernel(*args, **kwargs)
           ^^^^^^^^^^^^^^^^^^^^^^^^^^^^^^^^^^^^^^^^
  File "/usr/local/lib/python3.12/site-packages/torch/_library/utils.py", line 32, in __call__
    return self.func(*args, **kwargs)
           ^^^^^^^^^^^^^^^^^^^^^^^^^^
  File "/usr/local/lib/python3.12/site-packages/torch/library.py", line 1383, in inner
    return func(*args, **kwargs)
           ^^^^^^^^^^^^^^^^^^^^^
  File "/usr/local/lib/python3.12/site-packages/torch/_library/custom_ops.py", line 622, in fake_impl
    return self._abstract_fn(*args, **kwargs)
           ^^^^^^^^^^^^^^^^^^^^^^^^^^^^^^^^^^
  File "/usr/local/lib/python3.12/site-packages/torch/_prims/__init__.py", line 404, in _prim_elementwise_meta
    utils.check_same_device(*args_, allow_cpu_scalar_tensors=True)
  File "/usr/local/lib/python3.12/site-packages/torch/_prims_common/__init__.py", line 779, in check_same_device
    raise RuntimeError(msg)
RuntimeError: Tensor on device meta is not on the expected device cpu!
[hyenadna] done → /vol/regulatory/embeddings/_smoke_hyenadna
Traceback (most recent call last):
  File "/pkg/modal/_runtime/container_io_manager.py", line 945, in handle_input_exception
    yield
  File "/pkg/modal/_container_entrypoint.py", line 189, in run_input_sync
    values = io_context.call_function_sync()
             ^^^^^^^^^^^^^^^^^^^^^^^^^^^^^^^
  File "/pkg/modal/_runtime/container_io_manager.py", line 225, in call_function_sync
    expected_value_or_values = self.finalized_function.callable(*args, **kwargs)
                               ^^^^^^^^^^^^^^^^^^^^^^^^^^^^^^^^^^^^^^^^^^^^^^^^^
  File "/root/modal_app.py", line 158, in extract
    return _extract_impl(model, limit)
           ^^^^^^^^^^^^^^^^^^^^^^^^^^^
  File "/root/modal_app.py", line 141, in _extract_impl
    _run([
  File "/root/modal_app.py", line 84, in _run
    subprocess.run(cmd, check=True, cwd="/root")
  File "/usr/local/lib/python3.12/subprocess.py", line 571, in run
    raise CalledProcessError(retcode, process.args,
subprocess.CalledProcessError: Command '['/usr/local/bin/python', '/root/src/extract_embeddings.py', '--model', 'dnabert_s', '--windows', '/vol/regulatory/windows_smoke_dnabert_s.tsv', '--out_dir', '/vol/regulatory/embeddings/_smoke_dnabert_s', '--device', 'cuda']' returned non-zero exit status 1.

[1AFetching 2 files:  50%|█████     | 1/2 [00:42<00:42, 42.61s/it]
[1AFetching 2 files: 100%|██████████| 2/2 [00:42<00:00, 21.30s/it]

[1ALoading weights:   0%|          | 0/524 [00:00<?, ?it/s]
[1ALoading weights:   4%|▍         | 20/524 [00:00<00:05, 96.08it/s]
[1ALoading weights:   7%|▋         | 38/524 [00:00<00:04, 120.57it/s]
[1ALoading weights:  10%|▉         | 52/524 [00:00<00:04, 106.12it/s]
[1ALoading weights:  13%|█▎        | 68/524 [00:00<00:03, 117.14it/s]
[1ALoading weights:  16%|█▌        | 84/524 [00:00<00:04, 102.81it/s]
[1ALoading weights:  19%|█▉        | 100/524 [00:00<00:03, 109.45it/s]
[1ALoading weights:  22%|██▏       | 116/524 [00:01<00:04, 100.95it/s]
[1ALoading weights:  25%|██▌       | 132/524 [00:01<00:03, 103.52it/s]
[1ALoading weights:  28%|██▊       | 148/524 [00:01<00:03, 96.93it/s] 
[1ALoading weights:  31%|███▏      | 164/524 [00:01<00:03, 102.73it/s]
[1ALoading weights:  34%|███▍      | 180/524 [00:01<00:03, 96.67it/s] 
[1ALoading weights:  37%|███▋      | 196/524 [00:01<00:03, 104.68it/s]
[1ALoading weights:  40%|████      | 212/524 [00:02<00:03, 101.17it/s]
[1ALoading weights:  44%|████▎     | 228/524 [00:02<00:02, 105.46it/s]
[1ALoading weights:  47%|████▋     | 244/524 [00:02<00:02, 101.91it/s]
[1ALoading weights:  50%|████▉     | 260/524 [00:02<00:02, 104.83it/s]
[1ALoading weights:  53%|█████▎    | 276/524 [00:02<00:02, 96.38it/s] 
[1ALoading weights:  56%|█████▌    | 292/524 [00:02<00:02, 106.31it/s]
[1ALoading weights:  59%|█████▉    | 308/524 [00:02<00:02, 100.12it/s]
[1ALoading weights:  62%|██████▏   | 324/524 [00:03<00:01, 105.92it/s]
[1ALoading weights:  65%|██████▍   | 340/524 [00:03<00:01, 96.26it/s] 
[1ALoading weights:  68%|██████▊   | 356/524 [00:03<00:01, 107.88it/s]
[1ALoading weights:  71%|███████   | 372/524 [00:03<00:01, 98.05it/s] 
[1ALoading weights:  74%|███████▍  | 388/524 [00:03<00:01, 108.39it/s]
[1ALoading weights:  77%|███████▋  | 404/524 [00:03<00:01, 97.48it/s] 
[1ALoading weights:  80%|████████  | 420/524 [00:04<00:00, 106.52it/s]
[1ALoading weights:  83%|████████▎ | 436/524 [00:04<00:00, 97.47it/s] 
[1ALoading weights:  86%|████████▋ | 452/524 [00:04<00:00, 103.96it/s]
[1ALoading weights:  89%|████████▉ | 468/524 [00:04<00:00, 99.94it/s] 
[1ALoading weights:  92%|█████████▏| 484/524 [00:04<00:00, 109.14it/s]
[1ALoading weights:  95%|█████████▌| 500/524 [00:04<00:00, 101.89it/s]
[1ALoading weights:  98%|█████████▊| 516/524 [00:04<00:00, 112.75it/s]
[1ALoading weights: 100%|██████████| 524/524 [00:04<00:00, 105.50it/s]
  n_layers=32, hidden_dim=2560
  actual hidden states=33, hidden_dim=2560
Extracting (one seq/pass, max_tok=1000) ...
  1/30 (3.3%)  30/30 (100.0%)
Done → /vol/regulatory/embeddings/_smoke_nt/
  layer_00: (30, 2560)
  layer_32: (30, 2560)
[nt] done → /vol/regulatory/embeddings/_smoke_nt
[dnabert_s] RUN FAILED: Command '['/usr/local/bin/python', '/root/src/extract_embeddings.py', '--model', 'dnabert_s', '--windows', '/vol/regulatory/windows_smoke_dnabert_s.tsv', '--out_dir', '/vol/regulatory/embeddings/_smoke_dnabert_s', '--device', 'cuda']' returned non-zero exit status 1.

SUMMARY: 2/3 succeeded: ['hyenadna', 'nt']
  failed: {'dnabert_s': "run: Command '['/usr/local/bin/python', '/root/src/extract_embeddings.py', '--model', 'dnabert_s', '--windows', '/vol/regulatory/windows_smoke_dnabert_s.tsv', '--out_dir', '/vol/regulatory/embeddings/_smoke_dnabert_s', '--device', 'cuda']' returned non-zero exit status 1."}
Stopping app - local entrypoint completed.
✓ App completed. View run at 
https://modal.com/apps/autogkb/main/ap-daEjPXpIdxhWIowUK6CspM
