‚úď Initialized. View run at 
https://modal.com/apps/autogkb/main/ap-Bv6RqJqF9CrXcTVyzjy2D2
‚úď Created objects.
‚Ēú‚ĒÄ‚ĒÄ ūüĒ® Created mount /home/ec2-user/bmds273b-project/src/modal_app.py
‚Ēú‚ĒÄ‚ĒÄ ūüĒ® Created mount /home/ec2-user/bmds273b-project/src
‚Ēú‚ĒÄ‚ĒÄ ūüĒ® Created function extract.
‚Ēú‚ĒÄ‚ĒÄ ūüĒ® Created function download.
‚Ēú‚ĒÄ‚ĒÄ ūüĒ® Created function build.
‚ĒĒ‚ĒÄ‚ĒÄ ūüĒ® Created function extract_dnabert.
stage=extract models=['nt'] limit=None resume=True
+ /usr/local/bin/python /root/src/extract_embeddings.py --model nt --windows /vol/regulatory/windows.tsv --out_dir /vol/regulatory/embeddings/nt --device cuda --resume
Warning: You are sending unauthenticated requests to the HF Hub. Please set a HF_TOKEN to enable higher rate limits and faster downloads.
4024 windows from /vol/regulatory/windows.tsv
Loading nt (fp16) ...

[1AFetching 2 files:   0%|          | 0/2 [00:00<?, ?it/s]
[1AFetching 2 files:  50%|‚Ėą‚Ėą‚Ėą‚Ėą‚Ėą     | 1/2 [00:36<00:36, 36.20s/it]
[1AFetching 2 files: 100%|‚Ėą‚Ėą‚Ėą‚Ėą‚Ėą‚Ėą‚Ėą‚Ėą‚Ėą‚Ėą| 2/2 [00:36<00:00, 18.10s/it]

[1ALoading weights:   0%|          | 0/524 [00:00<?, ?it/s]
[1ALoading weights:   4%|‚Ėć         | 20/524 [00:00<00:03, 129.57it/s]
[1ALoading weights:   7%|‚Ėč         | 36/524 [00:00<00:03, 136.93it/s]
[1ALoading weights:  10%|‚ĖČ         | 52/524 [00:00<00:03, 120.76it/s]
[1ALoading weights:  13%|‚Ėą‚Ėé        | 68/524 [00:00<00:03, 127.66it/s]
[1ALoading weights:  16%|‚Ėą‚ĖĆ        | 84/524 [00:00<00:03, 117.21it/s]
[1ALoading weights:  19%|‚Ėą‚ĖČ        | 100/524 [00:00<00:03, 123.81it/s]
[1ALoading weights:  22%|‚Ėą‚Ėą‚ĖŹ       | 116/524 [00:00<00:03, 117.28it/s]
[1ALoading weights:  25%|‚Ėą‚Ėą‚ĖĆ       | 132/524 [00:01<00:03, 123.02it/s]
[1ALoading weights:  28%|‚Ėą‚Ėą‚Ėä       | 148/524 [00:01<00:03, 115.86it/s]
[1ALoading weights:  31%|‚Ėą‚Ėą‚Ėą‚ĖŹ      | 164/524 [00:01<00:02, 120.22it/s]
[1ALoading weights:  34%|‚Ėą‚Ėą‚Ėą‚Ėć      | 180/524 [00:01<00:02, 118.34it/s]
[1ALoading weights:  37%|‚Ėą‚Ėą‚Ėą‚Ėč      | 196/524 [00:01<00:02, 123.07it/s]
[1ALoading weights:  40%|‚Ėą‚Ėą‚Ėą‚Ėą      | 212/524 [00:01<00:02, 120.60it/s]
[1ALoading weights:  44%|‚Ėą‚Ėą‚Ėą‚Ėą‚Ėé     | 228/524 [00:01<00:02, 120.56it/s]
[1ALoading weights:  47%|‚Ėą‚Ėą‚Ėą‚Ėą‚Ėč     | 244/524 [00:02<00:02, 114.85it/s]
[1ALoading weights:  50%|‚Ėą‚Ėą‚Ėą‚Ėą‚ĖČ     | 260/524 [00:02<00:02, 116.04it/s]
[1ALoading weights:  53%|‚Ėą‚Ėą‚Ėą‚Ėą‚Ėą‚Ėé    | 276/524 [00:02<00:02, 107.42it/s]
[1ALoading weights:  56%|‚Ėą‚Ėą‚Ėą‚Ėą‚Ėą‚ĖĆ    | 292/524 [00:02<00:02, 115.63it/s]
[1ALoading weights:  59%|‚Ėą‚Ėą‚Ėą‚Ėą‚Ėą‚ĖČ    | 308/524 [00:02<00:01, 111.20it/s]
[1ALoading weights:  62%|‚Ėą‚Ėą‚Ėą‚Ėą‚Ėą‚Ėą‚ĖŹ   | 324/524 [00:02<00:01, 119.50it/s]
[1ALoading weights:  65%|‚Ėą‚Ėą‚Ėą‚Ėą‚Ėą‚Ėą‚Ėć   | 340/524 [00:02<00:01, 111.77it/s]
[1ALoading weights:  68%|‚Ėą‚Ėą‚Ėą‚Ėą‚Ėą‚Ėą‚Ėä   | 356/524 [00:02<00:01, 121.94it/s]
[1ALoading weights:  71%|‚Ėą‚Ėą‚Ėą‚Ėą‚Ėą‚Ėą‚Ėą   | 372/524 [00:03<00:01, 108.15it/s]
[1ALoading weights:  74%|‚Ėą‚Ėą‚Ėą‚Ėą‚Ėą‚Ėą‚Ėą‚Ėć  | 388/524 [00:03<00:01, 115.33it/s]
[1ALoading weights:  77%|‚Ėą‚Ėą‚Ėą‚Ėą‚Ėą‚Ėą‚Ėą‚Ėč  | 404/524 [00:03<00:01, 105.32it/s]
[1ALoading weights:  81%|‚Ėą‚Ėą‚Ėą‚Ėą‚Ėą‚Ėą‚Ėą‚Ėą  | 422/524 [00:03<00:00, 120.82it/s]
[1ALoading weights:  83%|‚Ėą‚Ėą‚Ėą‚Ėą‚Ėą‚Ėą‚Ėą‚Ėą‚Ėé | 436/524 [00:03<00:00, 107.88it/s]
[1ALoading weights:  86%|‚Ėą‚Ėą‚Ėą‚Ėą‚Ėą‚Ėą‚Ėą‚Ėą‚Ėč | 452/524 [00:03<00:00, 115.22it/s]
[1ALoading weights:  89%|‚Ėą‚Ėą‚Ėą‚Ėą‚Ėą‚Ėą‚Ėą‚Ėą‚ĖČ | 468/524 [00:04<00:00, 111.73it/s]
[1ALoading weights:  92%|‚Ėą‚Ėą‚Ėą‚Ėą‚Ėą‚Ėą‚Ėą‚Ėą‚Ėą‚ĖŹ| 484/524 [00:04<00:00, 116.67it/s]
[1ALoading weights:  95%|‚Ėą‚Ėą‚Ėą‚Ėą‚Ėą‚Ėą‚Ėą‚Ėą‚Ėą‚ĖĆ| 500/524 [00:04<00:00, 109.58it/s]
[1ALoading weights: 100%|‚Ėą‚Ėą‚Ėą‚Ėą‚Ėą‚Ėą‚Ėą‚Ėą‚Ėą‚Ėą| 524/524 [00:04<00:00, 118.97it/s]
