✓ Initialized. View run at 
https://modal.com/apps/autogkb/main/ap-dQHMHmX9I0ZHBDNSz4oBnt
Building image im-ezAxkKiUg6y3w3QXRcwUgY

=> Step 0: FROM base

=> Step 1: RUN python -m pip install accelerate einops h5py ninja numpy packaging pandas setuptools torch==2.7.1 'transformers>=4.44' wheel
Looking in indexes: http://pypi-mirror.modal.local:5555/simple
Collecting accelerate
  Downloading http://pypi-mirror.modal.local:5555/simple/accelerate/accelerate-1.13.0-py3-none-any.whl.metadata (19 kB)
Collecting einops
  Downloading http://pypi-mirror.modal.local:5555/simple/einops/einops-0.8.2-py3-none-any.whl.metadata (13 kB)
Collecting h5py
  Downloading http://pypi-mirror.modal.local:5555/simple/h5py/h5py-3.16.0-cp312-cp312-manylinux_2_28_x86_64.whl.metadata (3.0 kB)
Collecting ninja
  Downloading http://pypi-mirror.modal.local:5555/simple/ninja/ninja-1.13.0-py3-none-manylinux2014_x86_64.manylinux_2_17_x86_64.whl.metadata (5.1 kB)
Collecting numpy
  Downloading http://pypi-mirror.modal.local:5555/simple/numpy/numpy-2.4.6-cp312-cp312-manylinux_2_27_x86_64.manylinux_2_28_x86_64.whl.metadata (6.6 kB)
Collecting packaging
  Downloading http://pypi-mirror.modal.local:5555/simple/packaging/packaging-26.2-py3-none-any.whl.metadata (3.5 kB)
Collecting pandas
  Downloading http://pypi-mirror.modal.local:5555/simple/pandas/pandas-3.0.3-cp312-cp312-manylinux_2_24_x86_64.manylinux_2_28_x86_64.whl.metadata (79 kB)
     ━━━━━━━━━━━━━━━━━━━━━━━━━━━━━━━━━━━━━━━ 79.5/79.5 kB 173.3 MB/s eta 0:00:00
Requirement already satisfied: setuptools in /usr/local/lib/python3.12/site-packages (69.0.3)
Collecting torch==2.7.1
  Downloading http://pypi-mirror.modal.local:5555/simple/torch/torch-2.7.1-cp312-cp312-manylinux_2_28_x86_64.whl.metadata (29 kB)
Collecting transformers>=4.44
  Downloading http://pypi-mirror.modal.local:5555/simple/transformers/transformers-5.9.0-py3-none-any.whl.metadata (33 kB)
Collecting wheel
  Downloading http://pypi-mirror.modal.local:5555/simple/wheel/wheel-0.47.0-py3-none-any.whl.metadata (2.3 kB)
Collecting filelock (from torch==2.7.1)
  Downloading http://pypi-mirror.modal.local:5555/simple/filelock/filelock-3.29.0-py3-none-any.whl.metadata (2.0 kB)
Collecting typing-extensions>=4.10.0 (from torch==2.7.1)
  Downloading http://pypi-mirror.modal.local:5555/simple/typing-extensions/typing_extensions-4.15.0-py3-none-any.whl.metadata (3.3 kB)
Collecting sympy>=1.13.3 (from torch==2.7.1)
  Downloading http://pypi-mirror.modal.local:5555/simple/sympy/sympy-1.14.0-py3-none-any.whl.metadata (12 kB)
Collecting networkx (from torch==2.7.1)
  Downloading http://pypi-mirror.modal.local:5555/simple/networkx/networkx-3.6.1-py3-none-any.whl.metadata (6.8 kB)
Collecting jinja2 (from torch==2.7.1)
  Downloading http://pypi-mirror.modal.local:5555/simple/jinja2/jinja2-3.1.6-py3-none-any.whl.metadata (2.9 kB)
Collecting fsspec (from torch==2.7.1)
  Downloading http://pypi-mirror.modal.local:5555/simple/fsspec/fsspec-2026.4.0-py3-none-any.whl.metadata (10 kB)
Collecting nvidia-cuda-nvrtc-cu12==12.6.77 (from torch==2.7.1)
  Downloading http://pypi-mirror.modal.local:5555/simple/nvidia-cuda-nvrtc-cu12/nvidia_cuda_nvrtc_cu12-12.6.77-py3-none-manylinux2014_x86_64.whl.metadata (1.5 kB)
Collecting nvidia-cuda-runtime-cu12==12.6.77 (from torch==2.7.1)
  Downloading http://pypi-mirror.modal.local:5555/simple/nvidia-cuda-runtime-cu12/nvidia_cuda_runtime_cu12-12.6.77-py3-none-manylinux2014_x86_64.manylinux_2_17_x86_64.whl.metadata (1.5 kB)
Collecting nvidia-cuda-cupti-cu12==12.6.80 (from torch==2.7.1)
  Downloading http://pypi-mirror.modal.local:5555/simple/nvidia-cuda-cupti-cu12/nvidia_cuda_cupti_cu12-12.6.80-py3-none-manylinux2014_x86_64.manylinux_2_17_x86_64.whl.metadata (1.6 kB)
Collecting nvidia-cudnn-cu12==9.5.1.17 (from torch==2.7.1)
  Downloading http://pypi-mirror.modal.local:5555/simple/nvidia-cudnn-cu12/nvidia_cudnn_cu12-9.5.1.17-py3-none-manylinux_2_28_x86_64.whl.metadata (1.6 kB)
Collecting nvidia-cublas-cu12==12.6.4.1 (from torch==2.7.1)
  Downloading http://pypi-mirror.modal.local:5555/simple/nvidia-cublas-cu12/nvidia_cublas_cu12-12.6.4.1-py3-none-manylinux2014_x86_64.manylinux_2_17_x86_64.whl.metadata (1.5 kB)
Collecting nvidia-cufft-cu12==11.3.0.4 (from torch==2.7.1)
  Downloading http://pypi-mirror.modal.local:5555/simple/nvidia-cufft-cu12/nvidia_cufft_cu12-11.3.0.4-py3-none-manylinux2014_x86_64.manylinux_2_17_x86_64.whl.metadata (1.5 kB)
Collecting nvidia-curand-cu12==10.3.7.77 (from torch==2.7.1)
  Downloading http://pypi-mirror.modal.local:5555/simple/nvidia-curand-cu12/nvidia_curand_cu12-10.3.7.77-py3-none-manylinux2014_x86_64.manylinux_2_17_x86_64.whl.metadata (1.5 kB)
Collecting nvidia-cusolver-cu12==11.7.1.2 (from torch==2.7.1)
  Downloading http://pypi-mirror.modal.local:5555/simple/nvidia-cusolver-cu12/nvidia_cusolver_cu12-11.7.1.2-py3-none-manylinux2014_x86_64.manylinux_2_17_x86_64.whl.metadata (1.6 kB)
Collecting nvidia-cusparse-cu12==12.5.4.2 (from torch==2.7.1)
  Downloading http://pypi-mirror.modal.local:5555/simple/nvidia-cusparse-cu12/nvidia_cusparse_cu12-12.5.4.2-py3-none-manylinux2014_x86_64.manylinux_2_17_x86_64.whl.metadata (1.6 kB)
Collecting nvidia-cusparselt-cu12==0.6.3 (from torch==2.7.1)
  Downloading http://pypi-mirror.modal.local:5555/simple/nvidia-cusparselt-cu12/nvidia_cusparselt_cu12-0.6.3-py3-none-manylinux2014_x86_64.whl.metadata (6.8 kB)
Collecting nvidia-nccl-cu12==2.26.2 (from torch==2.7.1)
  Downloading http://pypi-mirror.modal.local:5555/simple/nvidia-nccl-cu12/nvidia_nccl_cu12-2.26.2-py3-none-manylinux2014_x86_64.manylinux_2_17_x86_64.whl.metadata (2.0 kB)
Collecting nvidia-nvtx-cu12==12.6.77 (from torch==2.7.1)
  Downloading http://pypi-mirror.modal.local:5555/simple/nvidia-nvtx-cu12/nvidia_nvtx_cu12-12.6.77-py3-none-manylinux2014_x86_64.manylinux_2_17_x86_64.whl.metadata (1.6 kB)
Collecting nvidia-nvjitlink-cu12==12.6.85 (from torch==2.7.1)
  Downloading http://pypi-mirror.modal.local:5555/simple/nvidia-nvjitlink-cu12/nvidia_nvjitlink_cu12-12.6.85-py3-none-manylinux2010_x86_64.manylinux_2_12_x86_64.whl.metadata (1.5 kB)
Collecting nvidia-cufile-cu12==1.11.1.6 (from torch==2.7.1)
  Downloading http://pypi-mirror.modal.local:5555/simple/nvidia-cufile-cu12/nvidia_cufile_cu12-1.11.1.6-py3-none-manylinux2014_x86_64.manylinux_2_17_x86_64.whl.metadata (1.5 kB)
Collecting triton==3.3.1 (from torch==2.7.1)
  Downloading http://pypi-mirror.modal.local:5555/simple/triton/triton-3.3.1-cp312-cp312-manylinux_2_27_x86_64.manylinux_2_28_x86_64.whl.metadata (1.5 kB)
Collecting psutil (from accelerate)
  Downloading http://pypi-mirror.modal.local:5555/simple/psutil/psutil-7.2.2-cp36-abi3-manylinux2010_x86_64.manylinux_2_12_x86_64.manylinux_2_28_x86_64.whl.metadata (22 kB)
Collecting pyyaml (from accelerate)
  Downloading http://pypi-mirror.modal.local:5555/simple/pyyaml/pyyaml-6.0.3-cp312-cp312-manylinux2014_x86_64.manylinux_2_17_x86_64.manylinux_2_28_x86_64.whl.metadata (2.4 kB)
Collecting huggingface_hub>=0.21.0 (from accelerate)
  Downloading http://pypi-mirror.modal.local:5555/simple/huggingface-hub/huggingface_hub-1.17.0-py3-none-any.whl.metadata (14 kB)
Collecting safetensors>=0.4.3 (from accelerate)
  Downloading http://pypi-mirror.modal.local:5555/simple/safetensors/safetensors-0.7.0-cp38-abi3-manylinux_2_17_x86_64.manylinux2014_x86_64.whl.metadata (4.1 kB)
Collecting python-dateutil>=2.8.2 (from pandas)
  Downloading http://pypi-mirror.modal.local:5555/simple/python-dateutil/python_dateutil-2.9.0.post0-py2.py3-none-any.whl.metadata (8.4 kB)
Collecting regex>=2025.10.22 (from transformers>=4.44)
  Downloading http://pypi-mirror.modal.local:5555/simple/regex/regex-2026.5.9-cp312-cp312-manylinux2014_x86_64.manylinux_2_17_x86_64.manylinux_2_28_x86_64.whl.metadata (40 kB)
     ━━━━━━━━━━━━━━━━━━━━━━━━━━━━━━━━━━━━━━━ 40.4/40.4 kB 168.6 MB/s eta 0:00:00
Collecting tokenizers<=0.23.0,>=0.22.0 (from transformers>=4.44)
  Downloading http://pypi-mirror.modal.local:5555/simple/tokenizers/tokenizers-0.22.2-cp39-abi3-manylinux_2_17_x86_64.manylinux2014_x86_64.whl.metadata (7.3 kB)
Collecting typer (from transformers>=4.44)
  Downloading http://pypi-mirror.modal.local:5555/simple/typer/typer-0.26.3-py3-none-any.whl.metadata (16 kB)
Collecting tqdm>=4.27 (from transformers>=4.44)
  Downloading http://pypi-mirror.modal.local:5555/simple/tqdm/tqdm-4.67.3-py3-none-any.whl.metadata (57 kB)
     ━━━━━━━━━━━━━━━━━━━━━━━━━━━━━━━━━━━━━━━ 57.7/57.7 kB 273.0 MB/s eta 0:00:00
Collecting click>=8.4.0 (from huggingface_hub>=0.21.0->accelerate)
  Downloading http://pypi-mirror.modal.local:5555/simple/click/click-8.4.1-py3-none-any.whl.metadata (2.6 kB)
Collecting hf-xet<2.0.0,>=1.4.3 (from huggingface_hub>=0.21.0->accelerate)
  Downloading http://pypi-mirror.modal.local:5555/simple/hf-xet/hf_xet-1.5.0-cp37-abi3-manylinux2014_x86_64.manylinux_2_17_x86_64.whl.metadata (4.9 kB)
Collecting httpx<1,>=0.23.0 (from huggingface_hub>=0.21.0->accelerate)
  Downloading http://pypi-mirror.modal.local:5555/simple/httpx/httpx-0.28.1-py3-none-any.whl.metadata (7.1 kB)
Collecting typer (from transformers>=4.44)
  Downloading http://pypi-mirror.modal.local:5555/simple/typer/typer-0.25.1-py3-none-any.whl.metadata (15 kB)
Collecting six>=1.5 (from python-dateutil>=2.8.2->pandas)
  Downloading http://pypi-mirror.modal.local:5555/simple/six/six-1.17.0-py2.py3-none-any.whl.metadata (1.7 kB)
Collecting mpmath<1.4,>=1.1.0 (from sympy>=1.13.3->torch==2.7.1)
  Downloading http://pypi-mirror.modal.local:5555/simple/mpmath/mpmath-1.3.0-py3-none-any.whl.metadata (8.6 kB)
Collecting shellingham>=1.3.0 (from typer->transformers>=4.44)
  Downloading http://pypi-mirror.modal.local:5555/simple/shellingham/shellingham-1.5.4-py2.py3-none-any.whl.metadata (3.5 kB)
Collecting rich>=13.8.0 (from typer->transformers>=4.44)
  Downloading http://pypi-mirror.modal.local:5555/simple/rich/rich-15.0.0-py3-none-any.whl.metadata (18 kB)
Collecting annotated-doc>=0.0.2 (from typer->transformers>=4.44)
  Downloading http://pypi-mirror.modal.local:5555/simple/annotated-doc/annotated_doc-0.0.4-py3-none-any.whl.metadata (6.6 kB)
Collecting MarkupSafe>=2.0 (from jinja2->torch==2.7.1)
  Downloading http://pypi-mirror.modal.local:5555/simple/markupsafe/markupsafe-3.0.3-cp312-cp312-manylinux2014_x86_64.manylinux_2_17_x86_64.manylinux_2_28_x86_64.whl.metadata (2.7 kB)
Collecting anyio (from httpx<1,>=0.23.0->huggingface_hub>=0.21.0->accelerate)
  Downloading http://pypi-mirror.modal.local:5555/simple/anyio/anyio-4.13.0-py3-none-any.whl.metadata (4.5 kB)
Collecting certifi (from httpx<1,>=0.23.0->huggingface_hub>=0.21.0->accelerate)
  Downloading http://pypi-mirror.modal.local:5555/simple/certifi/certifi-2026.5.20-py3-none-any.whl.metadata (2.5 kB)
Collecting httpcore==1.* (from httpx<1,>=0.23.0->huggingface_hub>=0.21.0->accelerate)
  Downloading http://pypi-mirror.modal.local:5555/simple/httpcore/httpcore-1.0.9-py3-none-any.whl.metadata (21 kB)
Collecting idna (from httpx<1,>=0.23.0->huggingface_hub>=0.21.0->accelerate)
  Downloading http://pypi-mirror.modal.local:5555/simple/idna/idna-3.17-py3-none-any.whl.metadata (6.4 kB)
Collecting h11>=0.16 (from httpcore==1.*->httpx<1,>=0.23.0->huggingface_hub>=0.21.0->accelerate)
  Downloading http://pypi-mirror.modal.local:5555/simple/h11/h11-0.16.0-py3-none-any.whl.metadata (8.3 kB)
Collecting markdown-it-py>=2.2.0 (from rich>=13.8.0->typer->transformers>=4.44)
  Downloading http://pypi-mirror.modal.local:5555/simple/markdown-it-py/markdown_it_py-4.2.0-py3-none-any.whl.metadata (7.4 kB)
Collecting pygments<3.0.0,>=2.13.0 (from rich>=13.8.0->typer->transformers>=4.44)
  Downloading http://pypi-mirror.modal.local:5555/simple/pygments/pygments-2.20.0-py3-none-any.whl.metadata (2.5 kB)
Collecting mdurl~=0.1 (from markdown-it-py>=2.2.0->rich>=13.8.0->typer->transformers>=4.44)
  Downloading http://pypi-mirror.modal.local:5555/simple/mdurl/mdurl-0.1.2-py3-none-any.whl.metadata (1.6 kB)
Downloading http://pypi-mirror.modal.local:5555/simple/torch/torch-2.7.1-cp312-cp312-manylinux_2_28_x86_64.whl (821.0 MB)
   ━━━━━━━━━━━━━━━━━━━━━━━━━━━━━━━━━━━━━━━ 821.0/821.0 MB 295.9 MB/s eta 0:00:00
Downloading http://pypi-mirror.modal.local:5555/simple/nvidia-cublas-cu12/nvidia_cublas_cu12-12.6.4.1-py3-none-manylinux2014_x86_64.manylinux_2_17_x86_64.whl (393.1 MB)
   ━━━━━━━━━━━━━━━━━━━━━━━━━━━━━━━━━━━━━━━ 393.1/393.1 MB 303.2 MB/s eta 0:00:00
Downloading http://pypi-mirror.modal.local:5555/simple/nvidia-cuda-cupti-cu12/nvidia_cuda_cupti_cu12-12.6.80-py3-none-manylinux2014_x86_64.manylinux_2_17_x86_64.whl (8.9 MB)
   ━━━━━━━━━━━━━━━━━━━━━━━━━━━━━━━━━━━━━━━━ 8.9/8.9 MB 270.2 MB/s eta 0:00:00
Downloading http://pypi-mirror.modal.local:5555/simple/nvidia-cuda-nvrtc-cu12/nvidia_cuda_nvrtc_cu12-12.6.77-py3-none-manylinux2014_x86_64.whl (23.7 MB)
   ━━━━━━━━━━━━━━━━━━━━━━━━━━━━━━━━━━━━━━━━ 23.7/23.7 MB 300.9 MB/s eta 0:00:00
Downloading http://pypi-mirror.modal.local:5555/simple/nvidia-cuda-runtime-cu12/nvidia_cuda_runtime_cu12-12.6.77-py3-none-manylinux2014_x86_64.manylinux_2_17_x86_64.whl (897 kB)
   ━━━━━━━━━━━━━━━━━━━━━━━━━━━━━━━━━━━━━━━ 897.7/897.7 kB 268.5 MB/s eta 0:00:00
Downloading http://pypi-mirror.modal.local:5555/simple/nvidia-cudnn-cu12/nvidia_cudnn_cu12-9.5.1.17-py3-none-manylinux_2_28_x86_64.whl (571.0 MB)
   ━━━━━━━━━━━━━━━━━━━━━━━━━━━━━━━━━━━━━━━ 571.0/571.0 MB 365.7 MB/s eta 0:00:00
Downloading http://pypi-mirror.modal.local:5555/simple/nvidia-cufft-cu12/nvidia_cufft_cu12-11.3.0.4-py3-none-manylinux2014_x86_64.manylinux_2_17_x86_64.whl (200.2 MB)
   ━━━━━━━━━━━━━━━━━━━━━━━━━━━━━━━━━━━━━━━ 200.2/200.2 MB 341.8 MB/s eta 0:00:00
Downloading http://pypi-mirror.modal.local:5555/simple/nvidia-cufile-cu12/nvidia_cufile_cu12-1.11.1.6-py3-none-manylinux2014_x86_64.manylinux_2_17_x86_64.whl (1.1 MB)
   ━━━━━━━━━━━━━━━━━━━━━━━━━━━━━━━━━━━━━━━━ 1.1/1.1 MB 250.0 MB/s eta 0:00:00
Downloading http://pypi-mirror.modal.local:5555/simple/nvidia-curand-cu12/nvidia_curand_cu12-10.3.7.77-py3-none-manylinux2014_x86_64.manylinux_2_17_x86_64.whl (56.3 MB)
   ━━━━━━━━━━━━━━━━━━━━━━━━━━━━━━━━━━━━━━━━ 56.3/56.3 MB 354.5 MB/s eta 0:00:00
Downloading http://pypi-mirror.modal.local:5555/simple/nvidia-cusolver-cu12/nvidia_cusolver_cu12-11.7.1.2-py3-none-manylinux2014_x86_64.manylinux_2_17_x86_64.whl (158.2 MB)
   ━━━━━━━━━━━━━━━━━━━━━━━━━━━━━━━━━━━━━━━ 158.2/158.2 MB 356.5 MB/s eta 0:00:00
Downloading http://pypi-mirror.modal.local:5555/simple/nvidia-cusparse-cu12/nvidia_cusparse_cu12-12.5.4.2-py3-none-manylinux2014_x86_64.manylinux_2_17_x86_64.whl (216.6 MB)
   ━━━━━━━━━━━━━━━━━━━━━━━━━━━━━━━━━━━━━━━ 216.6/216.6 MB 363.7 MB/s eta 0:00:00
Downloading http://pypi-mirror.modal.local:5555/simple/nvidia-cusparselt-cu12/nvidia_cusparselt_cu12-0.6.3-py3-none-manylinux2014_x86_64.whl (156.8 MB)
   ━━━━━━━━━━━━━━━━━━━━━━━━━━━━━━━━━━━━━━━ 156.8/156.8 MB 365.1 MB/s eta 0:00:00
Downloading http://pypi-mirror.modal.local:5555/simple/nvidia-nccl-cu12/nvidia_nccl_cu12-2.26.2-py3-none-manylinux2014_x86_64.manylinux_2_17_x86_64.whl (201.3 MB)
   ━━━━━━━━━━━━━━━━━━━━━━━━━━━━━━━━━━━━━━━ 201.3/201.3 MB 348.8 MB/s eta 0:00:00
Downloading http://pypi-mirror.modal.local:5555/simple/nvidia-nvjitlink-cu12/nvidia_nvjitlink_cu12-12.6.85-py3-none-manylinux2010_x86_64.manylinux_2_12_x86_64.whl (19.7 MB)
   ━━━━━━━━━━━━━━━━━━━━━━━━━━━━━━━━━━━━━━━━ 19.7/19.7 MB 331.7 MB/s eta 0:00:00
Downloading http://pypi-mirror.modal.local:5555/simple/nvidia-nvtx-cu12/nvidia_nvtx_cu12-12.6.77-py3-none-manylinux2014_x86_64.manylinux_2_17_x86_64.whl (89 kB)
   ━━━━━━━━━━━━━━━━━━━━━━━━━━━━━━━━━━━━━━━━ 89.3/89.3 kB 323.8 MB/s eta 0:00:00
Downloading http://pypi-mirror.modal.local:5555/simple/triton/triton-3.3.1-cp312-cp312-manylinux_2_27_x86_64.manylinux_2_28_x86_64.whl (155.7 MB)
   ━━━━━━━━━━━━━━━━━━━━━━━━━━━━━━━━━━━━━━━ 155.7/155.7 MB 279.8 MB/s eta 0:00:00
Downloading http://pypi-mirror.modal.local:5555/simple/accelerate/accelerate-1.13.0-py3-none-any.whl (383 kB)
   ━━━━━━━━━━━━━━━━━━━━━━━━━━━━━━━━━━━━━━━ 383.7/383.7 kB 334.9 MB/s eta 0:00:00
Downloading http://pypi-mirror.modal.local:5555/simple/einops/einops-0.8.2-py3-none-any.whl (65 kB)
   ━━━━━━━━━━━━━━━━━━━━━━━━━━━━━━━━━━━━━━━━ 65.6/65.6 kB 289.7 MB/s eta 0:00:00
Downloading http://pypi-mirror.modal.local:5555/simple/h5py/h5py-3.16.0-cp312-cp312-manylinux_2_28_x86_64.whl (5.4 MB)
   ━━━━━━━━━━━━━━━━━━━━━━━━━━━━━━━━━━━━━━━━ 5.4/5.4 MB 311.3 MB/s eta 0:00:00
Downloading http://pypi-mirror.modal.local:5555/simple/ninja/ninja-1.13.0-py3-none-manylinux2014_x86_64.manylinux_2_17_x86_64.whl (180 kB)
   ━━━━━━━━━━━━━━━━━━━━━━━━━━━━━━━━━━━━━━━ 180.7/180.7 kB 325.9 MB/s eta 0:00:00
Downloading http://pypi-mirror.modal.local:5555/simple/numpy/numpy-2.4.6-cp312-cp312-manylinux_2_27_x86_64.manylinux_2_28_x86_64.whl (16.6 MB)
   ━━━━━━━━━━━━━━━━━━━━━━━━━━━━━━━━━━━━━━━━ 16.6/16.6 MB 333.6 MB/s eta 0:00:00
Downloading http://pypi-mirror.modal.local:5555/simple/packaging/packaging-26.2-py3-none-any.whl (100 kB)
   ━━━━━━━━━━━━━━━━━━━━━━━━━━━━━━━━━━━━━━━ 100.2/100.2 kB 340.3 MB/s eta 0:00:00
Downloading http://pypi-mirror.modal.local:5555/simple/pandas/pandas-3.0.3-cp312-cp312-manylinux_2_24_x86_64.manylinux_2_28_x86_64.whl (10.9 MB)
   ━━━━━━━━━━━━━━━━━━━━━━━━━━━━━━━━━━━━━━━━ 10.9/10.9 MB 320.8 MB/s eta 0:00:00
Downloading http://pypi-mirror.modal.local:5555/simple/transformers/transformers-5.9.0-py3-none-any.whl (10.8 MB)
   ━━━━━━━━━━━━━━━━━━━━━━━━━━━━━━━━━━━━━━━━ 10.8/10.8 MB 316.4 MB/s eta 0:00:00
Downloading http://pypi-mirror.modal.local:5555/simple/wheel/wheel-0.47.0-py3-none-any.whl (32 kB)
Downloading http://pypi-mirror.modal.local:5555/simple/huggingface-hub/huggingface_hub-1.17.0-py3-none-any.whl (671 kB)
   ━━━━━━━━━━━━━━━━━━━━━━━━━━━━━━━━━━━━━━━ 671.5/671.5 kB 325.3 MB/s eta 0:00:00
Downloading http://pypi-mirror.modal.local:5555/simple/filelock/filelock-3.29.0-py3-none-any.whl (39 kB)
Downloading http://pypi-mirror.modal.local:5555/simple/fsspec/fsspec-2026.4.0-py3-none-any.whl (203 kB)
   ━━━━━━━━━━━━━━━━━━━━━━━━━━━━━━━━━━━━━━━ 203.4/203.4 kB 344.3 MB/s eta 0:00:00
Downloading http://pypi-mirror.modal.local:5555/simple/python-dateutil/python_dateutil-2.9.0.post0-py2.py3-none-any.whl (229 kB)
   ━━━━━━━━━━━━━━━━━━━━━━━━━━━━━━━━━━━━━━━ 229.9/229.9 kB 192.5 MB/s eta 0:00:00
Downloading http://pypi-mirror.modal.local:5555/simple/pyyaml/pyyaml-6.0.3-cp312-cp312-manylinux2014_x86_64.manylinux_2_17_x86_64.manylinux_2_28_x86_64.whl (807 kB)
   ━━━━━━━━━━━━━━━━━━━━━━━━━━━━━━━━━━━━━━━ 807.9/807.9 kB 334.3 MB/s eta 0:00:00
Downloading http://pypi-mirror.modal.local:5555/simple/regex/regex-2026.5.9-cp312-cp312-manylinux2014_x86_64.manylinux_2_17_x86_64.manylinux_2_28_x86_64.whl (801 kB)
   ━━━━━━━━━━━━━━━━━━━━━━━━━━━━━━━━━━━━━━━ 801.2/801.2 kB 345.0 MB/s eta 0:00:00
Downloading http://pypi-mirror.modal.local:5555/simple/safetensors/safetensors-0.7.0-cp38-abi3-manylinux_2_17_x86_64.manylinux2014_x86_64.whl (507 kB)
   ━━━━━━━━━━━━━━━━━━━━━━━━━━━━━━━━━━━━━━━ 507.2/507.2 kB 347.0 MB/s eta 0:00:00
Downloading http://pypi-mirror.modal.local:5555/simple/sympy/sympy-1.14.0-py3-none-any.whl (6.3 MB)
   ━━━━━━━━━━━━━━━━━━━━━━━━━━━━━━━━━━━━━━━━ 6.3/6.3 MB 313.6 MB/s eta 0:00:00
Downloading http://pypi-mirror.modal.local:5555/simple/tokenizers/tokenizers-0.22.2-cp39-abi3-manylinux_2_17_x86_64.manylinux2014_x86_64.whl (3.3 MB)
   ━━━━━━━━━━━━━━━━━━━━━━━━━━━━━━━━━━━━━━━━ 3.3/3.3 MB 308.5 MB/s eta 0:00:00
Downloading http://pypi-mirror.modal.local:5555/simple/tqdm/tqdm-4.67.3-py3-none-any.whl (78 kB)
   ━━━━━━━━━━━━━━━━━━━━━━━━━━━━━━━━━━━━━━━━ 78.4/78.4 kB 331.5 MB/s eta 0:00:00
Downloading http://pypi-mirror.modal.local:5555/simple/typer/typer-0.25.1-py3-none-any.whl (58 kB)
   ━━━━━━━━━━━━━━━━━━━━━━━━━━━━━━━━━━━━━━━━ 58.4/58.4 kB 301.5 MB/s eta 0:00:00
Downloading http://pypi-mirror.modal.local:5555/simple/typing-extensions/typing_extensions-4.15.0-py3-none-any.whl (44 kB)
   ━━━━━━━━━━━━━━━━━━━━━━━━━━━━━━━━━━━━━━━━ 44.6/44.6 kB 337.5 MB/s eta 0:00:00
Downloading http://pypi-mirror.modal.local:5555/simple/jinja2/jinja2-3.1.6-py3-none-any.whl (134 kB)
   ━━━━━━━━━━━━━━━━━━━━━━━━━━━━━━━━━━━━━━━ 134.9/134.9 kB 336.9 MB/s eta 0:00:00
Downloading http://pypi-mirror.modal.local:5555/simple/networkx/networkx-3.6.1-py3-none-any.whl (2.1 MB)
   ━━━━━━━━━━━━━━━━━━━━━━━━━━━━━━━━━━━━━━━━ 2.1/2.1 MB 307.0 MB/s eta 0:00:00
Downloading http://pypi-mirror.modal.local:5555/simple/psutil/psutil-7.2.2-cp36-abi3-manylinux2010_x86_64.manylinux_2_12_x86_64.manylinux_2_28_x86_64.whl (155 kB)
   ━━━━━━━━━━━━━━━━━━━━━━━━━━━━━━━━━━━━━━━ 155.6/155.6 kB 327.8 MB/s eta 0:00:00
Downloading http://pypi-mirror.modal.local:5555/simple/annotated-doc/annotated_doc-0.0.4-py3-none-any.whl (5.3 kB)
Downloading http://pypi-mirror.modal.local:5555/simple/click/click-8.4.1-py3-none-any.whl (116 kB)
   ━━━━━━━━━━━━━━━━━━━━━━━━━━━━━━━━━━━━━━━ 116.6/116.6 kB 329.0 MB/s eta 0:00:00
Downloading http://pypi-mirror.modal.local:5555/simple/hf-xet/hf_xet-1.5.0-cp37-abi3-manylinux2014_x86_64.manylinux_2_17_x86_64.whl (4.5 MB)
   ━━━━━━━━━━━━━━━━━━━━━━━━━━━━━━━━━━━━━━━━ 4.5/4.5 MB 327.9 MB/s eta 0:00:00
Downloading http://pypi-mirror.modal.local:5555/simple/httpx/httpx-0.28.1-py3-none-any.whl (73 kB)
   ━━━━━━━━━━━━━━━━━━━━━━━━━━━━━━━━━━━━━━━━ 73.5/73.5 kB 290.9 MB/s eta 0:00:00
Downloading http://pypi-mirror.modal.local:5555/simple/httpcore/httpcore-1.0.9-py3-none-any.whl (78 kB)
   ━━━━━━━━━━━━━━━━━━━━━━━━━━━━━━━━━━━━━━━━ 78.8/78.8 kB 337.0 MB/s eta 0:00:00
Downloading http://pypi-mirror.modal.local:5555/simple/markupsafe/markupsafe-3.0.3-cp312-cp312-manylinux2014_x86_64.manylinux_2_17_x86_64.manylinux_2_28_x86_64.whl (22 kB)
Downloading http://pypi-mirror.modal.local:5555/simple/mpmath/mpmath-1.3.0-py3-none-any.whl (536 kB)
   ━━━━━━━━━━━━━━━━━━━━━━━━━━━━━━━━━━━━━━━ 536.2/536.2 kB 252.1 MB/s eta 0:00:00
Downloading http://pypi-mirror.modal.local:5555/simple/rich/rich-15.0.0-py3-none-any.whl (310 kB)
   ━━━━━━━━━━━━━━━━━━━━━━━━━━━━━━━━━━━━━━━ 310.7/310.7 kB 372.7 MB/s eta 0:00:00
Downloading http://pypi-mirror.modal.local:5555/simple/shellingham/shellingham-1.5.4-py2.py3-none-any.whl (9.8 kB)
Downloading http://pypi-mirror.modal.local:5555/simple/six/six-1.17.0-py2.py3-none-any.whl (11 kB)
Downloading http://pypi-mirror.modal.local:5555/simple/markdown-it-py/markdown_it_py-4.2.0-py3-none-any.whl (91 kB)
   ━━━━━━━━━━━━━━━━━━━━━━━━━━━━━━━━━━━━━━━━ 91.7/91.7 kB 290.8 MB/s eta 0:00:00
Downloading http://pypi-mirror.modal.local:5555/simple/pygments/pygments-2.20.0-py3-none-any.whl (1.2 MB)
   ━━━━━━━━━━━━━━━━━━━━━━━━━━━━━━━━━━━━━━━━ 1.2/1.2 MB 325.3 MB/s eta 0:00:00
Downloading http://pypi-mirror.modal.local:5555/simple/anyio/anyio-4.13.0-py3-none-any.whl (114 kB)
   ━━━━━━━━━━━━━━━━━━━━━━━━━━━━━━━━━━━━━━━ 114.4/114.4 kB 330.9 MB/s eta 0:00:00
Downloading http://pypi-mirror.modal.local:5555/simple/idna/idna-3.17-py3-none-any.whl (65 kB)
   ━━━━━━━━━━━━━━━━━━━━━━━━━━━━━━━━━━━━━━━━ 65.3/65.3 kB 322.0 MB/s eta 0:00:00
Downloading http://pypi-mirror.modal.local:5555/simple/certifi/certifi-2026.5.20-py3-none-any.whl (134 kB)
   ━━━━━━━━━━━━━━━━━━━━━━━━━━━━━━━━━━━━━━━ 134.1/134.1 kB 328.0 MB/s eta 0:00:00
Downloading http://pypi-mirror.modal.local:5555/simple/h11/h11-0.16.0-py3-none-any.whl (37 kB)
Downloading http://pypi-mirror.modal.local:5555/simple/mdurl/mdurl-0.1.2-py3-none-any.whl (10.0 kB)
Installing collected packages: nvidia-cusparselt-cu12, mpmath, typing-extensions, triton, tqdm, sympy, six, shellingham, safetensors, regex, pyyaml, pygments, psutil, packaging, nvidia-nvtx-cu12, nvidia-nvjitlink-cu12, nvidia-nccl-cu12, nvidia-curand-cu12, nvidia-cufile-cu12, nvidia-cuda-runtime-cu12, nvidia-cuda-nvrtc-cu12, nvidia-cuda-cupti-cu12, nvidia-cublas-cu12, numpy, ninja, networkx, mdurl, MarkupSafe, idna, hf-xet, h11, fsspec, filelock, einops, click, certifi, annotated-doc, wheel, python-dateutil, nvidia-cusparse-cu12, nvidia-cufft-cu12, nvidia-cudnn-cu12, markdown-it-py, jinja2, httpcore, h5py, anyio, rich, pandas, nvidia-cusolver-cu12, httpx, typer, torch, huggingface_hub, tokenizers, accelerate, transformers
Successfully installed MarkupSafe-3.0.3 accelerate-1.13.0 annotated-doc-0.0.4 anyio-4.13.0 certifi-2026.5.20 click-8.4.1 einops-0.8.2 filelock-3.29.0 fsspec-2026.4.0 h11-0.16.0 h5py-3.16.0 hf-xet-1.5.0 httpcore-1.0.9 httpx-0.28.1 huggingface_hub-1.17.0 idna-3.17 jinja2-3.1.6 markdown-it-py-4.2.0 mdurl-0.1.2 mpmath-1.3.0 networkx-3.6.1 ninja-1.13.0 numpy-2.4.6 nvidia-cublas-cu12-12.6.4.1 nvidia-cuda-cupti-cu12-12.6.80 nvidia-cuda-nvrtc-cu12-12.6.77 nvidia-cuda-runtime-cu12-12.6.77 nvidia-cudnn-cu12-9.5.1.17 nvidia-cufft-cu12-11.3.0.4 nvidia-cufile-cu12-1.11.1.6 nvidia-curand-cu12-10.3.7.77 nvidia-cusolver-cu12-11.7.1.2 nvidia-cusparse-cu12-12.5.4.2 nvidia-cusparselt-cu12-0.6.3 nvidia-nccl-cu12-2.26.2 nvidia-nvjitlink-cu12-12.6.85 nvidia-nvtx-cu12-12.6.77 packaging-26.2 pandas-3.0.3 psutil-7.2.2 pygments-2.20.0 python-dateutil-2.9.0.post0 pyyaml-6.0.3 regex-2026.5.9 rich-15.0.0 safetensors-0.7.0 shellingham-1.5.4 six-1.17.0 sympy-1.14.0 tokenizers-0.22.2 torch-2.7.1 tqdm-4.67.3 transformers-5.9.0 triton-3.3.1 typer-0.25.1 typing-extensions-4.15.0 wheel-0.47.0

[notice] A new release of pip is available: 23.3.2 -> 26.1.1
[notice] To update, run: pip install --upgrade pip
Saving image...
Image saved, took 2.49s

Built image im-ezAxkKiUg6y3w3QXRcwUgY in 108.13s


Building image im-7waQ5LzTGczoHvv8VaOylb

=> Step 0: FROM base

=> Step 1: ENV MAX_JOBS=4
Saving image...
Image saved, took 1.19s

Built image im-7waQ5LzTGczoHvv8VaOylb in 3.28s


Building image im-IzRKVDeWsC2tBST87RZho6

=> Step 0: FROM base

=> Step 1: RUN python -m pip install 'causal-conv1d>=1.2.0' --no-build-isolation
Looking in indexes: http://pypi-mirror.modal.local:5555/simple
Collecting causal-conv1d>=1.2.0
  Downloading http://pypi-mirror.modal.local:5555/simple/causal-conv1d/causal_conv1d-1.6.2.post1.tar.gz (29 kB)
  Preparing metadata (pyproject.toml): started
  Preparing metadata (pyproject.toml): finished with status 'done'
Requirement already satisfied: torch in /usr/local/lib/python3.12/site-packages (from causal-conv1d>=1.2.0) (2.7.1)
Requirement already satisfied: packaging in /usr/local/lib/python3.12/site-packages (from causal-conv1d>=1.2.0) (26.2)
Requirement already satisfied: ninja in /usr/local/lib/python3.12/site-packages (from causal-conv1d>=1.2.0) (1.13.0)
Requirement already satisfied: filelock in /usr/local/lib/python3.12/site-packages (from torch->causal-conv1d>=1.2.0) (3.29.0)
Requirement already satisfied: typing-extensions>=4.10.0 in /usr/local/lib/python3.12/site-packages (from torch->causal-conv1d>=1.2.0) (4.15.0)
Requirement already satisfied: setuptools in /usr/local/lib/python3.12/site-packages (from torch->causal-conv1d>=1.2.0) (69.0.3)
Requirement already satisfied: sympy>=1.13.3 in /usr/local/lib/python3.12/site-packages (from torch->causal-conv1d>=1.2.0) (1.14.0)
Requirement already satisfied: networkx in /usr/local/lib/python3.12/site-packages (from torch->causal-conv1d>=1.2.0) (3.6.1)
Requirement already satisfied: jinja2 in /usr/local/lib/python3.12/site-packages (from torch->causal-conv1d>=1.2.0) (3.1.6)
Requirement already satisfied: fsspec in /usr/local/lib/python3.12/site-packages (from torch->causal-conv1d>=1.2.0) (2026.4.0)
Requirement already satisfied: nvidia-cuda-nvrtc-cu12==12.6.77 in /usr/local/lib/python3.12/site-packages (from torch->causal-conv1d>=1.2.0) (12.6.77)
Requirement already satisfied: nvidia-cuda-runtime-cu12==12.6.77 in /usr/local/lib/python3.12/site-packages (from torch->causal-conv1d>=1.2.0) (12.6.77)
Requirement already satisfied: nvidia-cuda-cupti-cu12==12.6.80 in /usr/local/lib/python3.12/site-packages (from torch->causal-conv1d>=1.2.0) (12.6.80)
Requirement already satisfied: nvidia-cudnn-cu12==9.5.1.17 in /usr/local/lib/python3.12/site-packages (from torch->causal-conv1d>=1.2.0) (9.5.1.17)
Requirement already satisfied: nvidia-cublas-cu12==12.6.4.1 in /usr/local/lib/python3.12/site-packages (from torch->causal-conv1d>=1.2.0) (12.6.4.1)
Requirement already satisfied: nvidia-cufft-cu12==11.3.0.4 in /usr/local/lib/python3.12/site-packages (from torch->causal-conv1d>=1.2.0) (11.3.0.4)
Requirement already satisfied: nvidia-curand-cu12==10.3.7.77 in /usr/local/lib/python3.12/site-packages (from torch->causal-conv1d>=1.2.0) (10.3.7.77)
Requirement already satisfied: nvidia-cusolver-cu12==11.7.1.2 in /usr/local/lib/python3.12/site-packages (from torch->causal-conv1d>=1.2.0) (11.7.1.2)
Requirement already satisfied: nvidia-cusparse-cu12==12.5.4.2 in /usr/local/lib/python3.12/site-packages (from torch->causal-conv1d>=1.2.0) (12.5.4.2)
Requirement already satisfied: nvidia-cusparselt-cu12==0.6.3 in /usr/local/lib/python3.12/site-packages (from torch->causal-conv1d>=1.2.0) (0.6.3)
Requirement already satisfied: nvidia-nccl-cu12==2.26.2 in /usr/local/lib/python3.12/site-packages (from torch->causal-conv1d>=1.2.0) (2.26.2)
Requirement already satisfied: nvidia-nvtx-cu12==12.6.77 in /usr/local/lib/python3.12/site-packages (from torch->causal-conv1d>=1.2.0) (12.6.77)
Requirement already satisfied: nvidia-nvjitlink-cu12==12.6.85 in /usr/local/lib/python3.12/site-packages (from torch->causal-conv1d>=1.2.0) (12.6.85)
Requirement already satisfied: nvidia-cufile-cu12==1.11.1.6 in /usr/local/lib/python3.12/site-packages (from torch->causal-conv1d>=1.2.0) (1.11.1.6)
Requirement already satisfied: triton==3.3.1 in /usr/local/lib/python3.12/site-packages (from torch->causal-conv1d>=1.2.0) (3.3.1)
Requirement already satisfied: mpmath<1.4,>=1.1.0 in /usr/local/lib/python3.12/site-packages (from sympy>=1.13.3->torch->causal-conv1d>=1.2.0) (1.3.0)
Requirement already satisfied: MarkupSafe>=2.0 in /usr/local/lib/python3.12/site-packages (from jinja2->torch->causal-conv1d>=1.2.0) (3.0.3)
Building wheels for collected packages: causal-conv1d
  Building wheel for causal-conv1d (pyproject.toml): started
  Building wheel for causal-conv1d (pyproject.toml): finished with status 'done'
  Created wheel for causal-conv1d: filename=causal_conv1d-1.6.2.post1-cp312-cp312-linux_x86_64.whl size=193631448 sha256=42582abc72646fcc7bd3371bcb7cde7b5cb9c7e78181e9f978318fc5d8982bc5
  Stored in directory: /tmp/pip-ephem-wheel-cache-b8lh61v7/wheels/9f/8a/82/2bf7ed3396f9252eeefbb3cfd2e9805cdae10340e2d939cf71
Successfully built causal-conv1d
Installing collected packages: causal-conv1d
Successfully installed causal-conv1d-1.6.2.post1

[notice] A new release of pip is available: 23.3.2 -> 26.1.1
[notice] To update, run: pip install --upgrade pip
Saving image...
Image saved, took 1.04s

Built image im-IzRKVDeWsC2tBST87RZho6 in 15.17s


Building image im-VjKmzkt1AQ1NZvwxV1qHXc

=> Step 0: FROM base

=> Step 1: RUN python -m pip install mamba-ssm --no-build-isolation
Looking in indexes: http://pypi-mirror.modal.local:5555/simple
Collecting mamba-ssm
  Downloading http://pypi-mirror.modal.local:5555/simple/mamba-ssm/mamba_ssm-2.3.2.post1.tar.gz (216 kB)
     ━━━━━━━━━━━━━━━━━━━━━━━━━━━━━━━━━━━━━━ 216.4/216.4 kB 59.0 MB/s eta 0:00:00
  Preparing metadata (pyproject.toml): started
  Preparing metadata (pyproject.toml): finished with status 'done'
Requirement already satisfied: torch in /usr/local/lib/python3.12/site-packages (from mamba-ssm) (2.7.1)
Collecting tilelang==0.1.8 (from mamba-ssm)
  Downloading http://pypi-mirror.modal.local:5555/simple/tilelang/tilelang-0.1.8-cp38-abi3-manylinux_2_27_x86_64.manylinux_2_28_x86_64.whl.metadata (15 kB)
Collecting apache-tvm-ffi<=0.1.9 (from mamba-ssm)
  Downloading http://pypi-mirror.modal.local:5555/simple/apache-tvm-ffi/apache_tvm_ffi-0.1.9-cp312-abi3-manylinux_2_24_x86_64.manylinux_2_28_x86_64.whl.metadata (6.1 kB)
Collecting quack-kernels>=0.3.4 (from mamba-ssm)
  Downloading http://pypi-mirror.modal.local:5555/simple/quack-kernels/quack_kernels-0.5.0-py3-none-any.whl.metadata (800 bytes)
Collecting triton>=3.5.0 (from mamba-ssm)
  Downloading http://pypi-mirror.modal.local:5555/simple/triton/triton-3.7.0-cp312-cp312-manylinux_2_27_x86_64.manylinux_2_28_x86_64.whl.metadata (1.7 kB)
Requirement already satisfied: ninja in /usr/local/lib/python3.12/site-packages (from mamba-ssm) (1.13.0)
Requirement already satisfied: einops in /usr/local/lib/python3.12/site-packages (from mamba-ssm) (0.8.2)
Requirement already satisfied: transformers in /usr/local/lib/python3.12/site-packages (from mamba-ssm) (5.9.0)
Requirement already satisfied: packaging in /usr/local/lib/python3.12/site-packages (from mamba-ssm) (26.2)
Requirement already satisfied: setuptools>=61.0.0 in /usr/local/lib/python3.12/site-packages (from mamba-ssm) (69.0.3)
Collecting torch-c-dlpack-ext (from tilelang==0.1.8->mamba-ssm)
  Downloading http://pypi-mirror.modal.local:5555/simple/torch-c-dlpack-ext/torch_c_dlpack_ext-0.1.5-cp312-cp312-manylinux_2_24_x86_64.manylinux_2_28_x86_64.whl.metadata (14 kB)
Collecting cloudpickle (from tilelang==0.1.8->mamba-ssm)
  Downloading http://pypi-mirror.modal.local:5555/simple/cloudpickle/cloudpickle-3.1.2-py3-none-any.whl.metadata (7.1 kB)
Collecting ml-dtypes (from tilelang==0.1.8->mamba-ssm)
  Downloading http://pypi-mirror.modal.local:5555/simple/ml-dtypes/ml_dtypes-0.5.4-cp312-cp312-manylinux_2_27_x86_64.manylinux_2_28_x86_64.whl.metadata (8.9 kB)
Requirement already satisfied: numpy>=1.23.5 in /usr/local/lib/python3.12/site-packages (from tilelang==0.1.8->mamba-ssm) (2.4.6)
Requirement already satisfied: psutil in /usr/local/lib/python3.12/site-packages (from tilelang==0.1.8->mamba-ssm) (7.2.2)
Requirement already satisfied: tqdm>=4.62.3 in /usr/local/lib/python3.12/site-packages (from tilelang==0.1.8->mamba-ssm) (4.67.3)
Requirement already satisfied: typing-extensions>=4.10.0 in /usr/local/lib/python3.12/site-packages (from tilelang==0.1.8->mamba-ssm) (4.15.0)
Collecting z3-solver<4.15.5,>=4.13.0 (from tilelang==0.1.8->mamba-ssm)
  Downloading http://pypi-mirror.modal.local:5555/simple/z3-solver/z3_solver-4.15.4.0-py3-none-manylinux_2_17_x86_64.manylinux2014_x86_64.whl.metadata (602 bytes)
Collecting nvidia-cutlass-dsl>=4.5.2 (from quack-kernels>=0.3.4->mamba-ssm)
  Downloading http://pypi-mirror.modal.local:5555/simple/nvidia-cutlass-dsl/nvidia_cutlass_dsl-4.5.2-py3-none-any.whl.metadata (2.8 kB)
Requirement already satisfied: filelock in /usr/local/lib/python3.12/site-packages (from torch->mamba-ssm) (3.29.0)
Requirement already satisfied: sympy>=1.13.3 in /usr/local/lib/python3.12/site-packages (from torch->mamba-ssm) (1.14.0)
Requirement already satisfied: networkx in /usr/local/lib/python3.12/site-packages (from torch->mamba-ssm) (3.6.1)
Requirement already satisfied: jinja2 in /usr/local/lib/python3.12/site-packages (from torch->mamba-ssm) (3.1.6)
Requirement already satisfied: fsspec in /usr/local/lib/python3.12/site-packages (from torch->mamba-ssm) (2026.4.0)
Requirement already satisfied: nvidia-cuda-nvrtc-cu12==12.6.77 in /usr/local/lib/python3.12/site-packages (from torch->mamba-ssm) (12.6.77)
Requirement already satisfied: nvidia-cuda-runtime-cu12==12.6.77 in /usr/local/lib/python3.12/site-packages (from torch->mamba-ssm) (12.6.77)
Requirement already satisfied: nvidia-cuda-cupti-cu12==12.6.80 in /usr/local/lib/python3.12/site-packages (from torch->mamba-ssm) (12.6.80)
Requirement already satisfied: nvidia-cudnn-cu12==9.5.1.17 in /usr/local/lib/python3.12/site-packages (from torch->mamba-ssm) (9.5.1.17)
Requirement already satisfied: nvidia-cublas-cu12==12.6.4.1 in /usr/local/lib/python3.12/site-packages (from torch->mamba-ssm) (12.6.4.1)
Requirement already satisfied: nvidia-cufft-cu12==11.3.0.4 in /usr/local/lib/python3.12/site-packages (from torch->mamba-ssm) (11.3.0.4)
Requirement already satisfied: nvidia-curand-cu12==10.3.7.77 in /usr/local/lib/python3.12/site-packages (from torch->mamba-ssm) (10.3.7.77)
Requirement already satisfied: nvidia-cusolver-cu12==11.7.1.2 in /usr/local/lib/python3.12/site-packages (from torch->mamba-ssm) (11.7.1.2)
Requirement already satisfied: nvidia-cusparse-cu12==12.5.4.2 in /usr/local/lib/python3.12/site-packages (from torch->mamba-ssm) (12.5.4.2)
Requirement already satisfied: nvidia-cusparselt-cu12==0.6.3 in /usr/local/lib/python3.12/site-packages (from torch->mamba-ssm) (0.6.3)
Requirement already satisfied: nvidia-nccl-cu12==2.26.2 in /usr/local/lib/python3.12/site-packages (from torch->mamba-ssm) (2.26.2)
Requirement already satisfied: nvidia-nvtx-cu12==12.6.77 in /usr/local/lib/python3.12/site-packages (from torch->mamba-ssm) (12.6.77)
Requirement already satisfied: nvidia-nvjitlink-cu12==12.6.85 in /usr/local/lib/python3.12/site-packages (from torch->mamba-ssm) (12.6.85)
Requirement already satisfied: nvidia-cufile-cu12==1.11.1.6 in /usr/local/lib/python3.12/site-packages (from torch->mamba-ssm) (1.11.1.6)
INFO: pip is looking at multiple versions of torch to determine which version is compatible with other requirements. This could take a while.
Collecting torch (from mamba-ssm)
  Downloading http://pypi-mirror.modal.local:5555/simple/torch/torch-2.12.0-cp312-cp312-manylinux_2_28_x86_64.whl.metadata (31 kB)
Collecting cuda-toolkit==13.0.2 (from cuda-toolkit[cudart,cufft,cufile,cupti,curand,cusolver,cusparse,nvjitlink,nvrtc,nvtx]==13.0.2; platform_system == "Linux"->torch->mamba-ssm)
  Downloading http://pypi-mirror.modal.local:5555/simple/cuda-toolkit/cuda_toolkit-13.0.2-py2.py3-none-any.whl.metadata (9.4 kB)
Collecting nvidia-cublas<=13.1.1.3,>=13.1.0.3 (from torch->mamba-ssm)
  Downloading http://pypi-mirror.modal.local:5555/simple/nvidia-cublas/nvidia_cublas-13.1.1.3-py3-none-manylinux_2_27_x86_64.whl.metadata (1.8 kB)
Collecting cuda-bindings<14,>=13.0.3 (from torch->mamba-ssm)
  Downloading http://pypi-mirror.modal.local:5555/simple/cuda-bindings/cuda_bindings-13.3.1-cp312-cp312-manylinux_2_24_x86_64.manylinux_2_28_x86_64.whl.metadata (2.5 kB)
Collecting nvidia-cudnn-cu13==9.20.0.48 (from torch->mamba-ssm)
  Downloading http://pypi-mirror.modal.local:5555/simple/nvidia-cudnn-cu13/nvidia_cudnn_cu13-9.20.0.48-py3-none-manylinux_2_27_x86_64.whl.metadata (1.9 kB)
Collecting nvidia-cusparselt-cu13==0.8.1 (from torch->mamba-ssm)
  Downloading http://pypi-mirror.modal.local:5555/simple/nvidia-cusparselt-cu13/nvidia_cusparselt_cu13-0.8.1-py3-none-manylinux2014_x86_64.whl.metadata (12 kB)
Collecting nvidia-nccl-cu13==2.29.7 (from torch->mamba-ssm)
  Downloading http://pypi-mirror.modal.local:5555/simple/nvidia-nccl-cu13/nvidia_nccl_cu13-2.29.7-py3-none-manylinux_2_18_x86_64.whl.metadata (2.1 kB)
Collecting nvidia-nvshmem-cu13==3.4.5 (from torch->mamba-ssm)
  Downloading http://pypi-mirror.modal.local:5555/simple/nvidia-nvshmem-cu13/nvidia_nvshmem_cu13-3.4.5-py3-none-manylinux2014_x86_64.manylinux_2_17_x86_64.whl.metadata (2.1 kB)
Collecting nvidia-cuda-runtime==13.0.96.* (from cuda-toolkit[cudart,cufft,cufile,cupti,curand,cusolver,cusparse,nvjitlink,nvrtc,nvtx]==13.0.2; platform_system == "Linux"->torch->mamba-ssm)
  Downloading http://pypi-mirror.modal.local:5555/simple/nvidia-cuda-runtime/nvidia_cuda_runtime-13.0.96-py3-none-manylinux2014_x86_64.manylinux_2_17_x86_64.whl.metadata (1.7 kB)
Collecting nvidia-cufft==12.0.0.61.* (from cuda-toolkit[cudart,cufft,cufile,cupti,curand,cusolver,cusparse,nvjitlink,nvrtc,nvtx]==13.0.2; platform_system == "Linux"->torch->mamba-ssm)
  Downloading http://pypi-mirror.modal.local:5555/simple/nvidia-cufft/nvidia_cufft-12.0.0.61-py3-none-manylinux2014_x86_64.manylinux_2_17_x86_64.whl.metadata (1.8 kB)
Collecting nvidia-cufile==1.15.1.6.* (from cuda-toolkit[cudart,cufft,cufile,cupti,curand,cusolver,cusparse,nvjitlink,nvrtc,nvtx]==13.0.2; platform_system == "Linux"->torch->mamba-ssm)
  Downloading http://pypi-mirror.modal.local:5555/simple/nvidia-cufile/nvidia_cufile-1.15.1.6-py3-none-manylinux2014_x86_64.manylinux_2_17_x86_64.whl.metadata (1.7 kB)
Collecting nvidia-cuda-cupti==13.0.85.* (from cuda-toolkit[cudart,cufft,cufile,cupti,curand,cusolver,cusparse,nvjitlink,nvrtc,nvtx]==13.0.2; platform_system == "Linux"->torch->mamba-ssm)
  Downloading http://pypi-mirror.modal.local:5555/simple/nvidia-cuda-cupti/nvidia_cuda_cupti-13.0.85-py3-none-manylinux_2_25_x86_64.whl.metadata (1.7 kB)
Collecting nvidia-curand==10.4.0.35.* (from cuda-toolkit[cudart,cufft,cufile,cupti,curand,cusolver,cusparse,nvjitlink,nvrtc,nvtx]==13.0.2; platform_system == "Linux"->torch->mamba-ssm)
  Downloading http://pypi-mirror.modal.local:5555/simple/nvidia-curand/nvidia_curand-10.4.0.35-py3-none-manylinux_2_27_x86_64.whl.metadata (1.7 kB)
Collecting nvidia-cusolver==12.0.4.66.* (from cuda-toolkit[cudart,cufft,cufile,cupti,curand,cusolver,cusparse,nvjitlink,nvrtc,nvtx]==13.0.2; platform_system == "Linux"->torch->mamba-ssm)
  Downloading http://pypi-mirror.modal.local:5555/simple/nvidia-cusolver/nvidia_cusolver-12.0.4.66-py3-none-manylinux_2_27_x86_64.whl.metadata (1.8 kB)
Collecting nvidia-cusparse==12.6.3.3.* (from cuda-toolkit[cudart,cufft,cufile,cupti,curand,cusolver,cusparse,nvjitlink,nvrtc,nvtx]==13.0.2; platform_system == "Linux"->torch->mamba-ssm)
  Downloading http://pypi-mirror.modal.local:5555/simple/nvidia-cusparse/nvidia_cusparse-12.6.3.3-py3-none-manylinux2014_x86_64.manylinux_2_17_x86_64.whl.metadata (1.8 kB)
Collecting nvidia-nvjitlink==13.0.88.* (from cuda-toolkit[cudart,cufft,cufile,cupti,curand,cusolver,cusparse,nvjitlink,nvrtc,nvtx]==13.0.2; platform_system == "Linux"->torch->mamba-ssm)
  Downloading http://pypi-mirror.modal.local:5555/simple/nvidia-nvjitlink/nvidia_nvjitlink-13.0.88-py3-none-manylinux2010_x86_64.manylinux_2_12_x86_64.whl.metadata (1.7 kB)
Collecting nvidia-cuda-nvrtc==13.0.88.* (from cuda-toolkit[cudart,cufft,cufile,cupti,curand,cusolver,cusparse,nvjitlink,nvrtc,nvtx]==13.0.2; platform_system == "Linux"->torch->mamba-ssm)
  Downloading http://pypi-mirror.modal.local:5555/simple/nvidia-cuda-nvrtc/nvidia_cuda_nvrtc-13.0.88-py3-none-manylinux2010_x86_64.manylinux_2_12_x86_64.whl.metadata (1.7 kB)
Collecting nvidia-nvtx==13.0.85.* (from cuda-toolkit[cudart,cufft,cufile,cupti,curand,cusolver,cusparse,nvjitlink,nvrtc,nvtx]==13.0.2; platform_system == "Linux"->torch->mamba-ssm)
  Downloading http://pypi-mirror.modal.local:5555/simple/nvidia-nvtx/nvidia_nvtx-13.0.85-py3-none-manylinux1_x86_64.manylinux_2_5_x86_64.whl.metadata (1.8 kB)
Requirement already satisfied: huggingface-hub<2.0,>=1.5.0 in /usr/local/lib/python3.12/site-packages (from transformers->mamba-ssm) (1.17.0)
Requirement already satisfied: pyyaml>=5.1 in /usr/local/lib/python3.12/site-packages (from transformers->mamba-ssm) (6.0.3)
Requirement already satisfied: regex>=2025.10.22 in /usr/local/lib/python3.12/site-packages (from transformers->mamba-ssm) (2026.5.9)
Requirement already satisfied: tokenizers<=0.23.0,>=0.22.0 in /usr/local/lib/python3.12/site-packages (from transformers->mamba-ssm) (0.22.2)
Requirement already satisfied: typer in /usr/local/lib/python3.12/site-packages (from transformers->mamba-ssm) (0.25.1)
Requirement already satisfied: safetensors>=0.4.3 in /usr/local/lib/python3.12/site-packages (from transformers->mamba-ssm) (0.7.0)
Collecting cuda-pathfinder>=1.4.2 (from cuda-bindings<14,>=13.0.3->torch->mamba-ssm)
  Downloading http://pypi-mirror.modal.local:5555/simple/cuda-pathfinder/cuda_pathfinder-1.5.5-py3-none-any.whl.metadata (1.9 kB)
Requirement already satisfied: click>=8.4.0 in /usr/local/lib/python3.12/site-packages (from huggingface-hub<2.0,>=1.5.0->transformers->mamba-ssm) (8.4.1)
Requirement already satisfied: hf-xet<2.0.0,>=1.4.3 in /usr/local/lib/python3.12/site-packages (from huggingface-hub<2.0,>=1.5.0->transformers->mamba-ssm) (1.5.0)
Requirement already satisfied: httpx<1,>=0.23.0 in /usr/local/lib/python3.12/site-packages (from huggingface-hub<2.0,>=1.5.0->transformers->mamba-ssm) (0.28.1)
Collecting nvidia-cutlass-dsl-libs-base==4.5.2 (from nvidia-cutlass-dsl>=4.5.2->quack-kernels>=0.3.4->mamba-ssm)
  Downloading http://pypi-mirror.modal.local:5555/simple/nvidia-cutlass-dsl-libs-base/nvidia_cutlass_dsl_libs_base-4.5.2-cp312-cp312-manylinux_2_28_x86_64.whl.metadata (2.7 kB)
Collecting cuda-python>=12.8 (from nvidia-cutlass-dsl-libs-base==4.5.2->nvidia-cutlass-dsl>=4.5.2->quack-kernels>=0.3.4->mamba-ssm)
  Downloading http://pypi-mirror.modal.local:5555/simple/cuda-python/cuda_python-13.3.1-py3-none-any.whl.metadata (7.0 kB)
Requirement already satisfied: mpmath<1.4,>=1.1.0 in /usr/local/lib/python3.12/site-packages (from sympy>=1.13.3->torch->mamba-ssm) (1.3.0)
Requirement already satisfied: shellingham>=1.3.0 in /usr/local/lib/python3.12/site-packages (from typer->transformers->mamba-ssm) (1.5.4)
Requirement already satisfied: rich>=13.8.0 in /usr/local/lib/python3.12/site-packages (from typer->transformers->mamba-ssm) (15.0.0)
Requirement already satisfied: annotated-doc>=0.0.2 in /usr/local/lib/python3.12/site-packages (from typer->transformers->mamba-ssm) (0.0.4)
Requirement already satisfied: MarkupSafe>=2.0 in /usr/local/lib/python3.12/site-packages (from jinja2->torch->mamba-ssm) (3.0.3)
Requirement already satisfied: anyio in /usr/local/lib/python3.12/site-packages (from httpx<1,>=0.23.0->huggingface-hub<2.0,>=1.5.0->transformers->mamba-ssm) (4.13.0)
Requirement already satisfied: certifi in /usr/local/lib/python3.12/site-packages (from httpx<1,>=0.23.0->huggingface-hub<2.0,>=1.5.0->transformers->mamba-ssm) (2026.5.20)
Requirement already satisfied: httpcore==1.* in /usr/local/lib/python3.12/site-packages (from httpx<1,>=0.23.0->huggingface-hub<2.0,>=1.5.0->transformers->mamba-ssm) (1.0.9)
Requirement already satisfied: idna in /usr/local/lib/python3.12/site-packages (from httpx<1,>=0.23.0->huggingface-hub<2.0,>=1.5.0->transformers->mamba-ssm) (3.17)
Requirement already satisfied: h11>=0.16 in /usr/local/lib/python3.12/site-packages (from httpcore==1.*->httpx<1,>=0.23.0->huggingface-hub<2.0,>=1.5.0->transformers->mamba-ssm) (0.16.0)
Requirement already satisfied: markdown-it-py>=2.2.0 in /usr/local/lib/python3.12/site-packages (from rich>=13.8.0->typer->transformers->mamba-ssm) (4.2.0)
Requirement already satisfied: pygments<3.0.0,>=2.13.0 in /usr/local/lib/python3.12/site-packages (from rich>=13.8.0->typer->transformers->mamba-ssm) (2.20.0)
Collecting cuda-core~=1.0.0 (from cuda-python>=12.8->nvidia-cutlass-dsl-libs-base==4.5.2->nvidia-cutlass-dsl>=4.5.2->quack-kernels>=0.3.4->mamba-ssm)
  Downloading http://pypi-mirror.modal.local:5555/simple/cuda-core/cuda_core-1.0.1-cp312-cp312-manylinux_2_24_x86_64.manylinux_2_28_x86_64.whl.metadata (3.2 kB)
Requirement already satisfied: mdurl~=0.1 in /usr/local/lib/python3.12/site-packages (from markdown-it-py>=2.2.0->rich>=13.8.0->typer->transformers->mamba-ssm) (0.1.2)
Downloading http://pypi-mirror.modal.local:5555/simple/tilelang/tilelang-0.1.8-cp38-abi3-manylinux_2_27_x86_64.manylinux_2_28_x86_64.whl (43.5 MB)
   ━━━━━━━━━━━━━━━━━━━━━━━━━━━━━━━━━━━━━━━━ 43.5/43.5 MB 241.4 MB/s eta 0:00:00
Downloading http://pypi-mirror.modal.local:5555/simple/apache-tvm-ffi/apache_tvm_ffi-0.1.9-cp312-abi3-manylinux_2_24_x86_64.manylinux_2_28_x86_64.whl (2.3 MB)
   ━━━━━━━━━━━━━━━━━━━━━━━━━━━━━━━━━━━━━━━━ 2.3/2.3 MB 174.3 MB/s eta 0:00:00
Downloading http://pypi-mirror.modal.local:5555/simple/quack-kernels/quack_kernels-0.5.0-py3-none-any.whl (327 kB)
   ━━━━━━━━━━━━━━━━━━━━━━━━━━━━━━━━━━━━━━━ 327.7/327.7 kB 410.2 MB/s eta 0:00:00
Downloading http://pypi-mirror.modal.local:5555/simple/triton/triton-3.7.0-cp312-cp312-manylinux_2_27_x86_64.manylinux_2_28_x86_64.whl (201.5 MB)
   ━━━━━━━━━━━━━━━━━━━━━━━━━━━━━━━━━━━━━━━ 201.5/201.5 MB 140.1 MB/s eta 0:00:00
Downloading http://pypi-mirror.modal.local:5555/simple/torch/torch-2.12.0-cp312-cp312-manylinux_2_28_x86_64.whl (532.3 MB)
   ━━━━━━━━━━━━━━━━━━━━━━━━━━━━━━━━━━━━━━━ 532.3/532.3 MB 159.3 MB/s eta 0:00:00
Downloading http://pypi-mirror.modal.local:5555/simple/cuda-toolkit/cuda_toolkit-13.0.2-py2.py3-none-any.whl (2.4 kB)
Downloading http://pypi-mirror.modal.local:5555/simple/nvidia-cudnn-cu13/nvidia_cudnn_cu13-9.20.0.48-py3-none-manylinux_2_27_x86_64.whl (366.2 MB)
   ━━━━━━━━━━━━━━━━━━━━━━━━━━━━━━━━━━━━━━━ 366.2/366.2 MB 212.3 MB/s eta 0:00:00
Downloading http://pypi-mirror.modal.local:5555/simple/nvidia-cusparselt-cu13/nvidia_cusparselt_cu13-0.8.1-py3-none-manylinux2014_x86_64.whl (170.1 MB)
   ━━━━━━━━━━━━━━━━━━━━━━━━━━━━━━━━━━━━━━━ 170.1/170.1 MB 236.0 MB/s eta 0:00:00
Downloading http://pypi-mirror.modal.local:5555/simple/nvidia-nccl-cu13/nvidia_nccl_cu13-2.29.7-py3-none-manylinux_2_18_x86_64.whl (206.0 MB)
   ━━━━━━━━━━━━━━━━━━━━━━━━━━━━━━━━━━━━━━━ 206.0/206.0 MB 331.5 MB/s eta 0:00:00
Downloading http://pypi-mirror.modal.local:5555/simple/nvidia-nvshmem-cu13/nvidia_nvshmem_cu13-3.4.5-py3-none-manylinux2014_x86_64.manylinux_2_17_x86_64.whl (60.4 MB)
   ━━━━━━━━━━━━━━━━━━━━━━━━━━━━━━━━━━━━━━━━ 60.4/60.4 MB 185.2 MB/s eta 0:00:00
Downloading http://pypi-mirror.modal.local:5555/simple/nvidia-cuda-cupti/nvidia_cuda_cupti-13.0.85-py3-none-manylinux_2_25_x86_64.whl (10.7 MB)
   ━━━━━━━━━━━━━━━━━━━━━━━━━━━━━━━━━━━━━━━━ 10.7/10.7 MB 181.1 MB/s eta 0:00:00
Downloading http://pypi-mirror.modal.local:5555/simple/nvidia-cuda-nvrtc/nvidia_cuda_nvrtc-13.0.88-py3-none-manylinux2010_x86_64.manylinux_2_12_x86_64.whl (90.2 MB)
   ━━━━━━━━━━━━━━━━━━━━━━━━━━━━━━━━━━━━━━━━ 90.2/90.2 MB 292.8 MB/s eta 0:00:00
Downloading http://pypi-mirror.modal.local:5555/simple/nvidia-cuda-runtime/nvidia_cuda_runtime-13.0.96-py3-none-manylinux2014_x86_64.manylinux_2_17_x86_64.whl (2.2 MB)
   ━━━━━━━━━━━━━━━━━━━━━━━━━━━━━━━━━━━━━━━━ 2.2/2.2 MB 403.5 MB/s eta 0:00:00
Downloading http://pypi-mirror.modal.local:5555/simple/nvidia-cufft/nvidia_cufft-12.0.0.61-py3-none-manylinux2014_x86_64.manylinux_2_17_x86_64.whl (214.1 MB)
   ━━━━━━━━━━━━━━━━━━━━━━━━━━━━━━━━━━━━━━━ 214.1/214.1 MB 368.3 MB/s eta 0:00:00
Downloading http://pypi-mirror.modal.local:5555/simple/nvidia-cufile/nvidia_cufile-1.15.1.6-py3-none-manylinux2014_x86_64.manylinux_2_17_x86_64.whl (1.2 MB)
   ━━━━━━━━━━━━━━━━━━━━━━━━━━━━━━━━━━━━━━━━ 1.2/1.2 MB 377.4 MB/s eta 0:00:00
Downloading http://pypi-mirror.modal.local:5555/simple/nvidia-curand/nvidia_curand-10.4.0.35-py3-none-manylinux_2_27_x86_64.whl (59.5 MB)
   ━━━━━━━━━━━━━━━━━━━━━━━━━━━━━━━━━━━━━━━━ 59.5/59.5 MB 301.3 MB/s eta 0:00:00
Downloading http://pypi-mirror.modal.local:5555/simple/nvidia-cusolver/nvidia_cusolver-12.0.4.66-py3-none-manylinux_2_27_x86_64.whl (200.9 MB)
   ━━━━━━━━━━━━━━━━━━━━━━━━━━━━━━━━━━━━━━━ 200.9/200.9 MB 304.9 MB/s eta 0:00:00
Downloading http://pypi-mirror.modal.local:5555/simple/nvidia-cusparse/nvidia_cusparse-12.6.3.3-py3-none-manylinux2014_x86_64.manylinux_2_17_x86_64.whl (145.9 MB)
   ━━━━━━━━━━━━━━━━━━━━━━━━━━━━━━━━━━━━━━━ 145.9/145.9 MB 212.2 MB/s eta 0:00:00
Downloading http://pypi-mirror.modal.local:5555/simple/nvidia-nvjitlink/nvidia_nvjitlink-13.0.88-py3-none-manylinux2010_x86_64.manylinux_2_12_x86_64.whl (40.7 MB)
   ━━━━━━━━━━━━━━━━━━━━━━━━━━━━━━━━━━━━━━━━ 40.7/40.7 MB 326.8 MB/s eta 0:00:00
Downloading http://pypi-mirror.modal.local:5555/simple/nvidia-nvtx/nvidia_nvtx-13.0.85-py3-none-manylinux1_x86_64.manylinux_2_5_x86_64.whl (148 kB)
   ━━━━━━━━━━━━━━━━━━━━━━━━━━━━━━━━━━━━━━━ 148.0/148.0 kB 298.6 MB/s eta 0:00:00
Downloading http://pypi-mirror.modal.local:5555/simple/cuda-bindings/cuda_bindings-13.3.1-cp312-cp312-manylinux_2_24_x86_64.manylinux_2_28_x86_64.whl (6.7 MB)
   ━━━━━━━━━━━━━━━━━━━━━━━━━━━━━━━━━━━━━━━━ 6.7/6.7 MB 272.7 MB/s eta 0:00:00
Downloading http://pypi-mirror.modal.local:5555/simple/nvidia-cublas/nvidia_cublas-13.1.1.3-py3-none-manylinux_2_27_x86_64.whl (423.1 MB)
   ━━━━━━━━━━━━━━━━━━━━━━━━━━━━━━━━━━━━━━━ 423.1/423.1 MB 182.5 MB/s eta 0:00:00
Downloading http://pypi-mirror.modal.local:5555/simple/nvidia-cutlass-dsl/nvidia_cutlass_dsl-4.5.2-py3-none-any.whl (10 kB)
Downloading http://pypi-mirror.modal.local:5555/simple/nvidia-cutlass-dsl-libs-base/nvidia_cutlass_dsl_libs_base-4.5.2-cp312-cp312-manylinux_2_28_x86_64.whl (74.5 MB)
   ━━━━━━━━━━━━━━━━━━━━━━━━━━━━━━━━━━━━━━━━ 74.5/74.5 MB 257.5 MB/s eta 0:00:00
Downloading http://pypi-mirror.modal.local:5555/simple/z3-solver/z3_solver-4.15.4.0-py3-none-manylinux_2_17_x86_64.manylinux2014_x86_64.whl (29.3 MB)
   ━━━━━━━━━━━━━━━━━━━━━━━━━━━━━━━━━━━━━━━━ 29.3/29.3 MB 244.2 MB/s eta 0:00:00
Downloading http://pypi-mirror.modal.local:5555/simple/cloudpickle/cloudpickle-3.1.2-py3-none-any.whl (22 kB)
Downloading http://pypi-mirror.modal.local:5555/simple/ml-dtypes/ml_dtypes-0.5.4-cp312-cp312-manylinux_2_27_x86_64.manylinux_2_28_x86_64.whl (5.0 MB)
   ━━━━━━━━━━━━━━━━━━━━━━━━━━━━━━━━━━━━━━━━ 5.0/5.0 MB 247.3 MB/s eta 0:00:00
Downloading http://pypi-mirror.modal.local:5555/simple/torch-c-dlpack-ext/torch_c_dlpack_ext-0.1.5-cp312-cp312-manylinux_2_24_x86_64.manylinux_2_28_x86_64.whl (897 kB)
   ━━━━━━━━━━━━━━━━━━━━━━━━━━━━━━━━━━━━━━━ 897.8/897.8 kB 150.4 MB/s eta 0:00:00
Downloading http://pypi-mirror.modal.local:5555/simple/cuda-pathfinder/cuda_pathfinder-1.5.5-py3-none-any.whl (51 kB)
   ━━━━━━━━━━━━━━━━━━━━━━━━━━━━━━━━━━━━━━━━ 51.7/51.7 kB 86.7 MB/s eta 0:00:00
Downloading http://pypi-mirror.modal.local:5555/simple/cuda-python/cuda_python-13.3.1-py3-none-any.whl (8.3 kB)
Downloading http://pypi-mirror.modal.local:5555/simple/cuda-core/cuda_core-1.0.1-cp312-cp312-manylinux_2_24_x86_64.manylinux_2_28_x86_64.whl (5.1 MB)
   ━━━━━━━━━━━━━━━━━━━━━━━━━━━━━━━━━━━━━━━━ 5.1/5.1 MB 215.4 MB/s eta 0:00:00
Building wheels for collected packages: mamba-ssm
  Building wheel for mamba-ssm (pyproject.toml): started
  Building wheel for mamba-ssm (pyproject.toml): finished with status 'done'
  Created wheel for mamba-ssm: filename=mamba_ssm-2.3.2.post1-cp312-cp312-linux_x86_64.whl size=322061601 sha256=74ebe7e4214e41eb5f1975ce22ea261cf29f514e7025eb01a57201be2b4c2f5b
  Stored in directory: /tmp/pip-ephem-wheel-cache-nsbyzjqh/wheels/ef/93/33/8cc85a16770cb75f2dcefeae4934bdfe698ea3985df55cd30e
Successfully built mamba-ssm
Installing collected packages: z3-solver, nvidia-cusparselt-cu13, cuda-toolkit, triton, nvidia-nvtx, nvidia-nvshmem-cu13, nvidia-nvjitlink, nvidia-nccl-cu13, nvidia-curand, nvidia-cufile, nvidia-cuda-runtime, nvidia-cuda-nvrtc, nvidia-cuda-cupti, ml-dtypes, cuda-pathfinder, cloudpickle, apache-tvm-ffi, nvidia-cusparse, nvidia-cufft, nvidia-cublas, cuda-core, cuda-bindings, nvidia-cusolver, nvidia-cudnn-cu13, cuda-python, nvidia-cutlass-dsl-libs-base, torch, nvidia-cutlass-dsl, torch-c-dlpack-ext, tilelang, quack-kernels, mamba-ssm
  Attempting uninstall: triton
    Found existing installation: triton 3.3.1
    Uninstalling triton-3.3.1:
      Successfully uninstalled triton-3.3.1
  Attempting uninstall: torch
    Found existing installation: torch 2.7.1
    Uninstalling torch-2.7.1:
      Successfully uninstalled torch-2.7.1
Successfully installed apache-tvm-ffi-0.1.9 cloudpickle-3.1.2 cuda-bindings-13.3.1 cuda-core-1.0.1 cuda-pathfinder-1.5.5 cuda-python-13.3.1 cuda-toolkit-13.0.2 mamba-ssm-2.3.2.post1 ml-dtypes-0.5.4 nvidia-cublas-13.1.1.3 nvidia-cuda-cupti-13.0.85 nvidia-cuda-nvrtc-13.0.88 nvidia-cuda-runtime-13.0.96 nvidia-cudnn-cu13-9.20.0.48 nvidia-cufft-12.0.0.61 nvidia-cufile-1.15.1.6 nvidia-curand-10.4.0.35 nvidia-cusolver-12.0.4.66 nvidia-cusparse-12.6.3.3 nvidia-cusparselt-cu13-0.8.1 nvidia-cutlass-dsl-4.5.2 nvidia-cutlass-dsl-libs-base-4.5.2 nvidia-nccl-cu13-2.29.7 nvidia-nvjitlink-13.0.88 nvidia-nvshmem-cu13-3.4.5 nvidia-nvtx-13.0.85 quack-kernels-0.5.0 tilelang-0.1.8 torch-2.12.0 torch-c-dlpack-ext-0.1.5 triton-3.7.0 z3-solver-4.15.4.0

[notice] A new release of pip is available: 23.3.2 -> 26.1.1
[notice] To update, run: pip install --upgrade pip
Saving image...
Image saved, took 3.17s

Built image im-VjKmzkt1AQ1NZvwxV1qHXc in 159.81s


✓ Created objects.
├── 🔨 Created mount /home/ec2-user/bmds273b-project/src/modal_app.py
├── 🔨 Created mount /home/ec2-user/bmds273b-project/src
├── 🔨 Created function download.
├── 🔨 Created function build.
├── 🔨 Created function extract.
└── 🔨 Created function extract_caduceus.
stage=extract models=['hyenadna', 'caduceus', 'nt', 'dnabert_s'] limit=None
+ /usr/local/bin/python /root/src/extract_embeddings.py --model hyenadna --windows /vol/regulatory/windows.tsv --out_dir /vol/regulatory/embeddings/hyenadna --batch_size 1 --device cuda

==========
== CUDA ==
==========

CUDA Version 12.4.1

Container image Copyright (c) 2016-2023, NVIDIA CORPORATION & AFFILIATES. All rights reserved.

This container image and its contents are governed by the NVIDIA Deep Learning Container License.
By pulling and using the container, you accept the terms and conditions of this license:
https://developer.nvidia.com/ngc/nvidia-deep-learning-container-license

A copy of this license is made available in this container at /NGC-DL-CONTAINER-LICENSE for your convenience.

+ /usr/local/bin/python /root/src/extract_embeddings.py --model dnabert_s --windows /vol/regulatory/windows.tsv --out_dir /vol/regulatory/embeddings/dnabert_s --batch_size 8 --device cuda+ /usr/local/bin/python /root/src/extract_embeddings.py --model nt --windows /vol/regulatory/windows.tsv --out_dir /vol/regulatory/embeddings/nt --batch_size 4 --device cuda

+ /usr/local/bin/python /root/src/extract_embeddings.py --model caduceus --windows /vol/regulatory/windows.tsv --out_dir /vol/regulatory/embeddings/caduceus --batch_size 2 --device cuda
Warning: You are sending unauthenticated requests to the HF Hub. Please set a HF_TOKEN to enable higher rate limits and faster downloads.
[transformers] A new version of the following files was downloaded from https://huggingface.co/zhihan1996/DNABERT-S:
- configuration_bert.py
. Make sure to double-check they do not contain any added malicious code. To avoid downloading new versions of the code file, you can pin a revision.
[transformers] `torch_dtype` is deprecated! Use `dtype` instead!
[transformers] A new version of the following files was downloaded from https://huggingface.co/LongSafari/hyenadna-large-1m-seqlen-hf:
- configuration_hyena.py
. Make sure to double-check they do not contain any added malicious code. To avoid downloading new versions of the code file, you can pin a revision.
Warning: You are sending unauthenticated requests to the HF Hub. Please set a HF_TOKEN to enable higher rate limits and faster downloads.
[transformers] A new version of the following files was downloaded from https://huggingface.co/zhihan1996/DNABERT-S:
- flash_attn_triton.py
. Make sure to double-check they do not contain any added malicious code. To avoid downloading new versions of the code file, you can pin a revision.
[transformers] A new version of the following files was downloaded from https://huggingface.co/zhihan1996/DNABERT-S:
- bert_padding.py
. Make sure to double-check they do not contain any added malicious code. To avoid downloading new versions of the code file, you can pin a revision.
[transformers] A new version of the following files was downloaded from https://huggingface.co/zhihan1996/DNABERT-S:
- bert_layers.py
- flash_attn_triton.py
- bert_padding.py
. Make sure to double-check they do not contain any added malicious code. To avoid downloading new versions of the code file, you can pin a revision.
[transformers] A new version of the following files was downloaded from https://huggingface.co/LongSafari/hyenadna-large-1m-seqlen-hf:
- tokenization_hyena.py
. Make sure to double-check they do not contain any added malicious code. To avoid downloading new versions of the code file, you can pin a revision.
[transformers] `torch_dtype` is deprecated! Use `dtype` instead!
[transformers] A new version of the following files was downloaded from https://huggingface.co/LongSafari/hyenadna-large-1m-seqlen-hf:
- modeling_hyena.py
. Make sure to double-check they do not contain any added malicious code. To avoid downloading new versions of the code file, you can pin a revision.
[transformers] A new version of the following files was downloaded from https://huggingface.co/kuleshov-group/caduceus-ps_seqlen-131k_d_model-256_n_layer-16:
- configuration_caduceus.py
. Make sure to double-check they do not contain any added malicious code. To avoid downloading new versions of the code file, you can pin a revision.
Warning: You are sending unauthenticated requests to the HF Hub. Please set a HF_TOKEN to enable higher rate limits and faster downloads.
[transformers] A new version of the following files was downloaded from https://huggingface.co/kuleshov-group/caduceus-ps_seqlen-131k_d_model-256_n_layer-16:
- tokenization_caduceus.py
. Make sure to double-check they do not contain any added malicious code. To avoid downloading new versions of the code file, you can pin a revision.
4024 windows from /vol/regulatory/windows.tsv
Loading hyenadna (fp32) ...

[1ALoading weights:   0%|          | 0/211 [00:00<?, ?it/s]
[1ALoading weights:  61%|██████    | 129/211 [00:00<00:00, 1288.98it/s]
[1ALoading weights: 100%|██████████| 211/211 [00:00<00:00, 1248.90it/s]
[transformers] [1mHyenaDNAModel LOAD REPORT[0m from: LongSafari/hyenadna-large-1m-seqlen-hf
Key            | Status     |  | 
---------------+------------+--+-
lm_head.weight | UNEXPECTED |  | 

Notes:
- UNEXPECTED:   can be ignored when loading from different task/architecture; not ok if you expect identical arch.
  n_layers=8, hidden_dim=256
Extracting (batch_size=1, max_tok=1000000) ...
Traceback (most recent call last):
  File "/root/src/extract_embeddings.py", line 164, in <module>
    main()
  File "/root/src/extract_embeddings.py", line 143, in main
    layers = embed_batch(seqs[row_start:row_end], tok, model, args.device, max_tok)
             ^^^^^^^^^^^^^^^^^^^^^^^^^^^^^^^^^^^^^^^^^^^^^^^^^^^^^^^^^^^^^^^^^^^^^^
  File "/usr/local/lib/python3.12/site-packages/torch/utils/_contextlib.py", line 116, in decorate_context
    return func(*args, **kwargs)
           ^^^^^^^^^^^^^^^^^^^^^
  File "/root/src/extract_embeddings.py", line 88, in embed_batch
    out = model(input_ids=ids, attention_mask=mask, output_hidden_states=True)
          ^^^^^^^^^^^^^^^^^^^^^^^^^^^^^^^^^^^^^^^^^^^^^^^^^^^^^^^^^^^^^^^^^^^^
  File "/usr/local/lib/python3.12/site-packages/torch/nn/modules/module.py", line 1751, in _wrapped_call_impl
    return self._call_impl(*args, **kwargs)
           ^^^^^^^^^^^^^^^^^^^^^^^^^^^^^^^^
  File "/usr/local/lib/python3.12/site-packages/torch/nn/modules/module.py", line 1762, in _call_impl
    return forward_call(*args, **kwargs)
           ^^^^^^^^^^^^^^^^^^^^^^^^^^^^^
TypeError: HyenaDNAModel.forward() got an unexpected keyword argument 'attention_mask'
Traceback (most recent call last):
[transformers] `torch_dtype` is deprecated! Use `dtype` instead!
4024 windows from /vol/regulatory/windows.tsv
Loading dnabert_s (fp32) ...
  File "/root/src/extract_embeddings.py", line 164, in <module>
    main()
  File "/root/src/extract_embeddings.py", line 129, in main
    tok, model, n_layers, hidden_dim = load_model(args.model, args.device)
                                       ^^^^^^^^^^^^^^^^^^^^^^^^^^^^^^^^^^^
  File "/root/src/extract_embeddings.py", line 68, in load_model
    model = _LOADERS[cfg["loader"]].from_pretrained(
            ^^^^^^^^^^^^^^^^^^^^^^^^^^^^^^^^^^^^^^^^
  File "/usr/local/lib/python3.12/site-packages/transformers/models/auto/auto_factory.py", line 390, in from_pretrained
    return model_class.from_pretrained(
           ^^^^^^^^^^^^^^^^^^^^^^^^^^^^
  File "/usr/local/lib/python3.12/site-packages/transformers/modeling_utils.py", line 4252, in from_pretrained
    model = cls(config, *model_args, **model_kwargs)
            ^^^^^^^^^^^^^^^^^^^^^^^^^^^^^^^^^^^^^^^^
  File "/root/.cache/huggingface/modules/transformers_modules/zhihan1996/DNABERT_hyphen_S/00e47f96cdea35e4b6f5df89e5419cbe47d490c6/bert_layers.py", line 572, in __init__
    self.encoder = BertEncoder(config)
                   ^^^^^^^^^^^^^^^^^^^
  File "/root/.cache/huggingface/modules/transformers_modules/zhihan1996/DNABERT_hyphen_S/00e47f96cdea35e4b6f5df89e5419cbe47d490c6/bert_layers.py", line 360, in __init__
    self.rebuild_alibi_tensor(size=config.alibi_starting_size)
  File "/root/.cache/huggingface/modules/transformers_modules/zhihan1996/DNABERT_hyphen_S/00e47f96cdea35e4b6f5df89e5419cbe47d490c6/bert_layers.py", line 399, in rebuild_alibi_tensor
    alibi = slopes.unsqueeze(1).unsqueeze(1) * -relative_position
            ~~~~~~~~~~~~~~~~~~~~~~~~~~~~~~~~~^~~~~~~~~~~~~~~~~~~~
  File "/usr/local/lib/python3.12/site-packages/torch/utils/_device.py", line 104, in __torch_function__
    return func(*args, **kwargs)
           ^^^^^^^^^^^^^^^^^^^^^
  File "/usr/local/lib/python3.12/site-packages/torch/_prims_common/wrappers.py", line 308, in _fn
    result = fn(*args, **kwargs)
             ^^^^^^^^^^^^^^^^^^^
  File "/usr/local/lib/python3.12/site-packages/torch/_compile.py", line 51, in inner
    return disable_fn(*args, **kwargs)
           ^^^^^^^^^^^^^^^^^^^^^^^^^^^
  File "/usr/local/lib/python3.12/site-packages/torch/_dynamo/eval_frame.py", line 838, in _fn
    return fn(*args, **kwargs)
           ^^^^^^^^^^^^^^^^^^^
  File "/usr/local/lib/python3.12/site-packages/torch/_prims_common/wrappers.py", line 149, in _fn
    result = fn(**bound.arguments)
             ^^^^^^^^^^^^^^^^^^^^^
  File "/usr/local/lib/python3.12/site-packages/torch/_refs/__init__.py", line 1086, in _ref
    output = prim(a, b)
             ^^^^^^^^^^
  File "/usr/local/lib/python3.12/site-packages/torch/_refs/__init__.py", line 1693, in mul
    return prims.mul(a, b)
           ^^^^^^^^^^^^^^^
  File "/usr/local/lib/python3.12/site-packages/torch/_ops.py", line 756, in __call__
    return self._op(*args, **kwargs)
           ^^^^^^^^^^^^^^^^^^^^^^^^^
  File "/usr/local/lib/python3.12/site-packages/torch/_library/fake_impl.py", line 95, in meta_kernel
    return fake_impl_holder.kernel(*args, **kwargs)
           ^^^^^^^^^^^^^^^^^^^^^^^^^^^^^^^^^^^^^^^^
  File "/usr/local/lib/python3.12/site-packages/torch/_library/utils.py", line 32, in __call__
    return self.func(*args, **kwargs)
           ^^^^^^^^^^^^^^^^^^^^^^^^^^
  File "/usr/local/lib/python3.12/site-packages/torch/library.py", line 1383, in inner
    return func(*args, **kwargs)
           ^^^^^^^^^^^^^^^^^^^^^
  File "/usr/local/lib/python3.12/site-packages/torch/_library/custom_ops.py", line 622, in fake_impl
    return self._abstract_fn(*args, **kwargs)
           ^^^^^^^^^^^^^^^^^^^^^^^^^^^^^^^^^^
  File "/usr/local/lib/python3.12/site-packages/torch/_prims/__init__.py", line 404, in _prim_elementwise_meta
    utils.check_same_device(*args_, allow_cpu_scalar_tensors=True)
  File "/usr/local/lib/python3.12/site-packages/torch/_prims_common/__init__.py", line 779, in check_same_device
    raise RuntimeError(msg)
RuntimeError: Tensor on device meta is not on the expected device cpu!
4024 windows from /vol/regulatory/windows.tsv
Loading nt (fp16) ...
Traceback (most recent call last):
[hyenadna] RUN FAILED: Command '['/usr/local/bin/python', '/root/src/extract_embeddings.py', '--model', 'hyenadna', '--windows', '/vol/regulatory/windows.tsv', '--out_dir', '/vol/regulatory/embeddings/hyenadna', '--batch_size', '1', '--device', 'cuda']' returned non-zero exit status 1.
Traceback (most recent call last):
  File "/usr/local/lib/python3.12/site-packages/huggingface_hub/utils/_http.py", line 761, in hf_raise_for_status
    response.raise_for_status()
  File "/usr/local/lib/python3.12/site-packages/httpx/_models.py", line 829, in raise_for_status
    raise HTTPStatusError(message, request=request, response=self)
httpx.HTTPStatusError: Client error '401 Unauthorized' for url 'https://huggingface.co/InstaDeepAI/nucleotide-transformer-v2-2500m-multi-species/resolve/main/config.json'
For more information check: https://developer.mozilla.org/en-US/docs/Web/HTTP/Status/401

The above exception was the direct cause of the following exception:

Traceback (most recent call last):
  File "/usr/local/lib/python3.12/site-packages/transformers/utils/hub.py", line 422, in cached_files
    hf_hub_download(
  File "/usr/local/lib/python3.12/site-packages/huggingface_hub/utils/_validators.py", line 88, in _inner_fn
    return fn(*args, **kwargs)
           ^^^^^^^^^^^^^^^^^^^
  File "/usr/local/lib/python3.12/site-packages/huggingface_hub/file_download.py", line 1010, in hf_hub_download
    return _hf_hub_download_to_cache_dir(
           ^^^^^^^^^^^^^^^^^^^^^^^^^^^^^^
  File "/usr/local/lib/python3.12/site-packages/huggingface_hub/file_download.py", line 1161, in _hf_hub_download_to_cache_dir
    _raise_on_head_call_error(head_call_error, force_download, local_files_only)
  File "/usr/local/lib/python3.12/site-packages/huggingface_hub/file_download.py", line 1796, in _raise_on_head_call_error
    raise head_call_error
  File "/usr/local/lib/python3.12/site-packages/huggingface_hub/file_download.py", line 1682, in _get_metadata_or_catch_error
    metadata = get_hf_file_metadata(
               ^^^^^^^^^^^^^^^^^^^^^
  File "/usr/local/lib/python3.12/site-packages/huggingface_hub/utils/_validators.py", line 88, in _inner_fn
    return fn(*args, **kwargs)
           ^^^^^^^^^^^^^^^^^^^
  File "/usr/local/lib/python3.12/site-packages/huggingface_hub/file_download.py", line 1604, in get_hf_file_metadata
    response = _httpx_follow_relative_redirects_with_backoff(
               ^^^^^^^^^^^^^^^^^^^^^^^^^^^^^^^^^^^^^^^^^^^^^^
  File "/usr/local/lib/python3.12/site-packages/huggingface_hub/utils/_http.py", line 692, in _httpx_follow_relative_redirects_with_backoff
    hf_raise_for_status(response)
  File "/usr/local/lib/python3.12/site-packages/huggingface_hub/utils/_http.py", line 835, in hf_raise_for_status
    raise _format(RepositoryNotFoundError, message, response, repo_type=repo_type, repo_id=repo_id) from e
huggingface_hub.errors.RepositoryNotFoundError: 401 Client Error. (Request ID: Root=1-6a1a959a-3a2105fc68fbba1d3314d258;f0b91b36-2141-4262-90e2-8ba31d2b0318)

Repository Not Found for url: https://huggingface.co/InstaDeepAI/nucleotide-transformer-v2-2500m-multi-species/resolve/main/config.json.
Please make sure you specified the correct `repo_id` and `repo_type`.
If you are trying to access a private or gated repo, make sure you are authenticated and your token has the required permissions.
For more details, see https://huggingface.co/docs/huggingface_hub/authentication
Invalid username or password.

The above exception was the direct cause of the following exception:

Traceback (most recent call last):
  File "/usr/local/lib/python3.12/site-packages/transformers/models/auto/tokenization_auto.py", line 694, in from_pretrained
    config = AutoConfig.from_pretrained(
             ^^^^^^^^^^^^^^^^^^^^^^^^^^^
  File "/usr/local/lib/python3.12/site-packages/transformers/models/auto/configuration_auto.py", line 374, in from_pretrained
    config_dict, unused_kwargs = PreTrainedConfig.get_config_dict(pretrained_model_name_or_path, **kwargs)
                                 ^^^^^^^^^^^^^^^^^^^^^^^^^^^^^^^^^^^^^^^^^^^^^^^^^^^^^^^^^^^^^^^^^^^^^^^^^
  File "/usr/local/lib/python3.12/site-packages/transformers/configuration_utils.py", line 683, in get_config_dict
    config_dict, kwargs = cls._get_config_dict(pretrained_model_name_or_path, **kwargs)
                          ^^^^^^^^^^^^^^^^^^^^^^^^^^^^^^^^^^^^^^^^^^^^^^^^^^^^^^^^^^^^^
  File "/usr/local/lib/python3.12/site-packages/transformers/configuration_utils.py", line 738, in _get_config_dict
    resolved_config_file = cached_file(
                           ^^^^^^^^^^^^
  File "/usr/local/lib/python3.12/site-packages/transformers/utils/hub.py", line 278, in cached_file
    file = cached_files(path_or_repo_id=path_or_repo_id, filenames=[filename], **kwargs)
           ^^^^^^^^^^^^^^^^^^^^^^^^^^^^^^^^^^^^^^^^^^^^^^^^^^^^^^^^^^^^^^^^^^^^^^^^^^^^^
  File "/usr/local/lib/python3.12/site-packages/transformers/utils/hub.py", line 454, in cached_files
    raise OSError(
OSError: InstaDeepAI/nucleotide-transformer-v2-2500m-multi-species is not a local folder and is not a valid model identifier listed on 'https://huggingface.co/models'
If this is a private repository, make sure to pass a token having permission to this repo either by logging in with `hf auth login` or by passing `token=<your_token>`

During handling of the above exception, another exception occurred:

Traceback (most recent call last):
  File "/usr/local/lib/python3.12/site-packages/huggingface_hub/utils/_http.py", line 761, in hf_raise_for_status
    response.raise_for_status()
  File "/usr/local/lib/python3.12/site-packages/httpx/_models.py", line 829, in raise_for_status
    raise HTTPStatusError(message, request=request, response=self)
httpx.HTTPStatusError: Client error '401 Unauthorized' for url 'https://huggingface.co/InstaDeepAI/nucleotide-transformer-v2-2500m-multi-species/resolve/main/config.json'
For more information check: https://developer.mozilla.org/en-US/docs/Web/HTTP/Status/401

The above exception was the direct cause of the following exception:

Traceback (most recent call last):
  File "/usr/local/lib/python3.12/site-packages/transformers/utils/hub.py", line 422, in cached_files
    hf_hub_download(
  File "/usr/local/lib/python3.12/site-packages/huggingface_hub/utils/_validators.py", line 88, in _inner_fn
    return fn(*args, **kwargs)
           ^^^^^^^^^^^^^^^^^^^
  File "/usr/local/lib/python3.12/site-packages/huggingface_hub/file_download.py", line 1010, in hf_hub_download
    return _hf_hub_download_to_cache_dir(
           ^^^^^^^^^^^^^^^^^^^^^^^^^^^^^^
  File "/usr/local/lib/python3.12/site-packages/huggingface_hub/file_download.py", line 1161, in _hf_hub_download_to_cache_dir
    _raise_on_head_call_error(head_call_error, force_download, local_files_only)
  File "/usr/local/lib/python3.12/site-packages/huggingface_hub/file_download.py", line 1796, in _raise_on_head_call_error
    raise head_call_error
  File "/usr/local/lib/python3.12/site-packages/huggingface_hub/file_download.py", line 1682, in _get_metadata_or_catch_error
    metadata = get_hf_file_metadata(
               ^^^^^^^^^^^^^^^^^^^^^
  File "/usr/local/lib/python3.12/site-packages/huggingface_hub/utils/_validators.py", line 88, in _inner_fn
    return fn(*args, **kwargs)
           ^^^^^^^^^^^^^^^^^^^
  File "/usr/local/lib/python3.12/site-packages/huggingface_hub/file_download.py", line 1604, in get_hf_file_metadata
    response = _httpx_follow_relative_redirects_with_backoff(
               ^^^^^^^^^^^^^^^^^^^^^^^^^^^^^^^^^^^^^^^^^^^^^^
  File "/usr/local/lib/python3.12/site-packages/huggingface_hub/utils/_http.py", line 692, in _httpx_follow_relative_redirects_with_backoff
    hf_raise_for_status(response)
  File "/usr/local/lib/python3.12/site-packages/huggingface_hub/utils/_http.py", line 835, in hf_raise_for_status
    raise _format(RepositoryNotFoundError, message, response, repo_type=repo_type, repo_id=repo_id) from e
huggingface_hub.errors.RepositoryNotFoundError: 401 Client Error. (Request ID: Root=1-6a1a959a-5d6aaecc5e39bc862e20bd3b;a238e2f7-10a9-46e9-921e-dac1e2a49074)

Repository Not Found for url: https://huggingface.co/InstaDeepAI/nucleotide-transformer-v2-2500m-multi-species/resolve/main/config.json.
Please make sure you specified the correct `repo_id` and `repo_type`.
If you are trying to access a private or gated repo, make sure you are authenticated and your token has the required permissions.
For more details, see https://huggingface.co/docs/huggingface_hub/authentication
Invalid username or password.

The above exception was the direct cause of the following exception:

Traceback (most recent call last):
  File "/root/src/extract_embeddings.py", line 164, in <module>
    main()
  File "/root/src/extract_embeddings.py", line 129, in main
    tok, model, n_layers, hidden_dim = load_model(args.model, args.device)
                                       ^^^^^^^^^^^^^^^^^^^^^^^^^^^^^^^^^^^
  File "/root/src/extract_embeddings.py", line 67, in load_model
    tok = AutoTokenizer.from_pretrained(cfg["hf_id"], trust_remote_code=cfg["trc"])
          ^^^^^^^^^^^^^^^^^^^^^^^^^^^^^^^^^^^^^^^^^^^^^^^^^^^^^^^^^^^^^^^^^^^^^^^^^
  File "/usr/local/lib/python3.12/site-packages/transformers/models/auto/tokenization_auto.py", line 698, in from_pretrained
    config = PreTrainedConfig.from_pretrained(pretrained_model_name_or_path, **kwargs)
             ^^^^^^^^^^^^^^^^^^^^^^^^^^^^^^^^^^^^^^^^^^^^^^^^^^^^^^^^^^^^^^^^^^^^^^^^^
  File "/usr/local/lib/python3.12/site-packages/transformers/configuration_utils.py", line 642, in from_pretrained
    config_dict, kwargs = cls.get_config_dict(pretrained_model_name_or_path, **kwargs)
                          ^^^^^^^^^^^^^^^^^^^^^^^^^^^^^^^^^^^^^^^^^^^^^^^^^^^^^^^^^^^^
  File "/usr/local/lib/python3.12/site-packages/transformers/configuration_utils.py", line 683, in get_config_dict
    config_dict, kwargs = cls._get_config_dict(pretrained_model_name_or_path, **kwargs)
                          ^^^^^^^^^^^^^^^^^^^^^^^^^^^^^^^^^^^^^^^^^^^^^^^^^^^^^^^^^^^^^
  File "/usr/local/lib/python3.12/site-packages/transformers/configuration_utils.py", line 738, in _get_config_dict
    resolved_config_file = cached_file(
                           ^^^^^^^^^^^^
  File "/usr/local/lib/python3.12/site-packages/transformers/utils/hub.py", line 278, in cached_file
    file = cached_files(path_or_repo_id=path_or_repo_id, filenames=[filename], **kwargs)
           ^^^^^^^^^^^^^^^^^^^^^^^^^^^^^^^^^^^^^^^^^^^^^^^^^^^^^^^^^^^^^^^^^^^^^^^^^^^^^
  File "/usr/local/lib/python3.12/site-packages/transformers/utils/hub.py", line 454, in cached_files
    raise OSError(
OSError: InstaDeepAI/nucleotide-transformer-v2-2500m-multi-species is not a local folder and is not a valid model identifier listed on 'https://huggingface.co/models'
If this is a private repository, make sure to pass a token having permission to this repo either by logging in with `hf auth login` or by passing `token=<your_token>`
  File "/pkg/modal/_runtime/container_io_manager.py", line 945, in handle_input_exception
    yield
  File "/pkg/modal/_container_entrypoint.py", line 189, in run_input_sync
    values = io_context.call_function_sync()
             ^^^^^^^^^^^^^^^^^^^^^^^^^^^^^^^
  File "/pkg/modal/_runtime/container_io_manager.py", line 225, in call_function_sync
    expected_value_or_values = self.finalized_function.callable(*args, **kwargs)
                               ^^^^^^^^^^^^^^^^^^^^^^^^^^^^^^^^^^^^^^^^^^^^^^^^^
  File "/root/modal_app.py", line 176, in extract
    return _extract_impl(model, limit)
           ^^^^^^^^^^^^^^^^^^^^^^^^^^^
  File "/root/modal_app.py", line 158, in _extract_impl
    _run([
  File "/root/modal_app.py", line 103, in _run
    subprocess.run(cmd, check=True, cwd="/root")
  File "/usr/local/lib/python3.12/subprocess.py", line 571, in run
    raise CalledProcessError(retcode, process.args,
subprocess.CalledProcessError: Command '['/usr/local/bin/python', '/root/src/extract_embeddings.py', '--model', 'hyenadna', '--windows', '/vol/regulatory/windows.tsv', '--out_dir', '/vol/regulatory/embeddings/hyenadna', '--batch_size', '1', '--device', 'cuda']' returned non-zero exit status 1.
Traceback (most recent call last):
[nt] RUN FAILED: Command '['/usr/local/bin/python', '/root/src/extract_embeddings.py', '--model', 'nt', '--windows', '/vol/regulatory/windows.tsv', '--out_dir', '/vol/regulatory/embeddings/nt', '--batch_size', '4', '--device', 'cuda']' returned non-zero exit status 1.
  File "/pkg/modal/_runtime/container_io_manager.py", line 945, in handle_input_exception
    yield
  File "/pkg/modal/_container_entrypoint.py", line 189, in run_input_sync
    values = io_context.call_function_sync()
             ^^^^^^^^^^^^^^^^^^^^^^^^^^^^^^^
  File "/pkg/modal/_runtime/container_io_manager.py", line 225, in call_function_sync
    expected_value_or_values = self.finalized_function.callable(*args, **kwargs)
                               ^^^^^^^^^^^^^^^^^^^^^^^^^^^^^^^^^^^^^^^^^^^^^^^^^
  File "/root/modal_app.py", line 176, in extract
    return _extract_impl(model, limit)
           ^^^^^^^^^^^^^^^^^^^^^^^^^^^
  File "/root/modal_app.py", line 158, in _extract_impl
    _run([
  File "/root/modal_app.py", line 103, in _run
    subprocess.run(cmd, check=True, cwd="/root")
  File "/usr/local/lib/python3.12/subprocess.py", line 571, in run
    raise CalledProcessError(retcode, process.args,
subprocess.CalledProcessError: Command '['/usr/local/bin/python', '/root/src/extract_embeddings.py', '--model', 'nt', '--windows', '/vol/regulatory/windows.tsv', '--out_dir', '/vol/regulatory/embeddings/nt', '--batch_size', '4', '--device', 'cuda']' returned non-zero exit status 1.
[transformers] Encountered exception while importing mamba_ssm: /usr/local/lib/python3.12/site-packages/selective_scan_cuda.cpython-312-x86_64-linux-gnu.so: undefined symbol: _ZN3c104cuda29c10_cuda_check_implementationEiPKcS2_ib
4024 windows from /vol/regulatory/windows.tsv
Loading caduceus (fp32) ...
Traceback (most recent call last):
  File "/root/src/extract_embeddings.py", line 164, in <module>
    main()
  File "/root/src/extract_embeddings.py", line 129, in main
    tok, model, n_layers, hidden_dim = load_model(args.model, args.device)
                                       ^^^^^^^^^^^^^^^^^^^^^^^^^^^^^^^^^^^
  File "/root/src/extract_embeddings.py", line 68, in load_model
    model = _LOADERS[cfg["loader"]].from_pretrained(
            ^^^^^^^^^^^^^^^^^^^^^^^^^^^^^^^^^^^^^^^^
  File "/usr/local/lib/python3.12/site-packages/transformers/models/auto/auto_factory.py", line 379, in from_pretrained
    model_class = get_class_from_dynamic_module(
                  ^^^^^^^^^^^^^^^^^^^^^^^^^^^^^^
  File "/usr/local/lib/python3.12/site-packages/transformers/dynamic_module_utils.py", line 616, in get_class_from_dynamic_module
    final_module = get_cached_module_file(
                   ^^^^^^^^^^^^^^^^^^^^^^^
  File "/usr/local/lib/python3.12/site-packages/transformers/dynamic_module_utils.py", line 445, in get_cached_module_file
    modules_needed = check_imports(resolved_module_file)
                     ^^^^^^^^^^^^^^^^^^^^^^^^^^^^^^^^^^^
  File "/usr/local/lib/python3.12/site-packages/transformers/dynamic_module_utils.py", line 246, in check_imports
    importlib.import_module(imp)
  File "/usr/local/lib/python3.12/importlib/__init__.py", line 90, in import_module
    return _bootstrap._gcd_import(name[level:], package, level)
           ^^^^^^^^^^^^^^^^^^^^^^^^^^^^^^^^^^^^^^^^^^^^^^^^^^^^
  File "<frozen importlib._bootstrap>", line 1387, in _gcd_import
  File "<frozen importlib._bootstrap>", line 1360, in _find_and_load
  File "<frozen importlib._bootstrap>", line 1331, in _find_and_load_unlocked
  File "<frozen importlib._bootstrap>", line 935, in _load_unlocked
  File "<frozen importlib._bootstrap_external>", line 994, in exec_module
  File "<frozen importlib._bootstrap>", line 488, in _call_with_frames_removed
  File "/usr/local/lib/python3.12/site-packages/mamba_ssm/__init__.py", line 3, in <module>
    from mamba_ssm.ops.selective_scan_interface import selective_scan_fn, mamba_inner_fn
  File "/usr/local/lib/python3.12/site-packages/mamba_ssm/ops/selective_scan_interface.py", line 20, in <module>
    import selective_scan_cuda
ImportError: /usr/local/lib/python3.12/site-packages/selective_scan_cuda.cpython-312-x86_64-linux-gnu.so: undefined symbol: _ZN3c104cuda29c10_cuda_check_implementationEiPKcS2_ib
Traceback (most recent call last):
  File "/pkg/modal/_runtime/container_io_manager.py", line 945, in handle_input_exception
    yield
  File "/pkg/modal/_container_entrypoint.py", line 189, in run_input_sync
    values = io_context.call_function_sync()
             ^^^^^^^^^^^^^^^^^^^^^^^^^^^^^^^
  File "/pkg/modal/_runtime/container_io_manager.py", line 225, in call_function_sync
    expected_value_or_values = self.finalized_function.callable(*args, **kwargs)
                               ^^^^^^^^^^^^^^^^^^^^^^^^^^^^^^^^^^^^^^^^^^^^^^^^^
  File "/root/modal_app.py", line 181, in extract_caduceus
    return _extract_impl(model, limit)
           ^^^^^^^^^^^^^^^^^^^^^^^^^^^
  File "/root/modal_app.py", line 158, in _extract_impl
    _run([
  File "/root/modal_app.py", line 103, in _run
    subprocess.run(cmd, check=True, cwd="/root")
  File "/usr/local/lib/python3.12/subprocess.py", line 571, in run
    raise CalledProcessError(retcode, process.args,
subprocess.CalledProcessError: Command '['/usr/local/bin/python', '/root/src/extract_embeddings.py', '--model', 'caduceus', '--windows', '/vol/regulatory/windows.tsv', '--out_dir', '/vol/regulatory/embeddings/caduceus', '--batch_size', '2', '--device', 'cuda']' returned non-zero exit status 1.
Traceback (most recent call last):
[dnabert_s] RUN FAILED: Command '['/usr/local/bin/python', '/root/src/extract_embeddings.py', '--model', 'dnabert_s', '--windows', '/vol/regulatory/windows.tsv', '--out_dir', '/vol/regulatory/embeddings/dnabert_s', '--batch_size', '8', '--device', 'cuda']' returned non-zero exit status 1.
  File "/pkg/modal/_runtime/container_io_manager.py", line 945, in handle_input_exception
    yield
  File "/pkg/modal/_container_entrypoint.py", line 189, in run_input_sync
    values = io_context.call_function_sync()
             ^^^^^^^^^^^^^^^^^^^^^^^^^^^^^^^
  File "/pkg/modal/_runtime/container_io_manager.py", line 225, in call_function_sync
    expected_value_or_values = self.finalized_function.callable(*args, **kwargs)
                               ^^^^^^^^^^^^^^^^^^^^^^^^^^^^^^^^^^^^^^^^^^^^^^^^^
  File "/root/modal_app.py", line 176, in extract
    return _extract_impl(model, limit)
           ^^^^^^^^^^^^^^^^^^^^^^^^^^^
  File "/root/modal_app.py", line 158, in _extract_impl
    _run([
  File "/root/modal_app.py", line 103, in _run
    subprocess.run(cmd, check=True, cwd="/root")
  File "/usr/local/lib/python3.12/subprocess.py", line 571, in run
    raise CalledProcessError(retcode, process.args,
subprocess.CalledProcessError: Command '['/usr/local/bin/python', '/root/src/extract_embeddings.py', '--model', 'dnabert_s', '--windows', '/vol/regulatory/windows.tsv', '--out_dir', '/vol/regulatory/embeddings/dnabert_s', '--batch_size', '8', '--device', 'cuda']' returned non-zero exit status 1.
[caduceus] RUN FAILED: Command '['/usr/local/bin/python', '/root/src/extract_embeddings.py', '--model', 'caduceus', '--windows', '/vol/regulatory/windows.tsv', '--out_dir', '/vol/regulatory/embeddings/caduceus', '--batch_size', '2', '--device', 'cuda']' returned non-zero exit status 1.

SUMMARY: 0/4 succeeded: []
  failed: {'hyenadna': "run: Command '['/usr/local/bin/python', '/root/src/extract_embeddings.py', '--model', 'hyenadna', '--windows', '/vol/regulatory/windows.tsv', '--out_dir', '/vol/regulatory/embeddings/hyenadna', '--batch_size', '1', '--device', 'cuda']' returned non-zero exit status 1.", 'nt': "run: Command '['/usr/local/bin/python', '/root/src/extract_embeddings.py', '--model', 'nt', '--windows', '/vol/regulatory/windows.tsv', '--out_dir', '/vol/regulatory/embeddings/nt', '--batch_size', '4', '--device', 'cuda']' returned non-zero exit status 1.", 'dnabert_s': "run: Command '['/usr/local/bin/python', '/root/src/extract_embeddings.py', '--model', 'dnabert_s', '--windows', '/vol/regulatory/windows.tsv', '--out_dir', '/vol/regulatory/embeddings/dnabert_s', '--batch_size', '8', '--device', 'cuda']' returned non-zero exit status 1.", 'caduceus': "run: Command '['/usr/local/bin/python', '/root/src/extract_embeddings.py', '--model', 'caduceus', '--windows', '/vol/regulatory/windows.tsv', '--out_dir', '/vol/regulatory/embeddings/caduceus', '--batch_size', '2', '--device', 'cuda']' returned non-zero exit status 1."}
Stopping app - local entrypoint completed.
✓ App completed. View run at 
https://modal.com/apps/autogkb/main/ap-dQHMHmX9I0ZHBDNSz4oBnt
